<?xml version="1.0" encoding="UTF-8"?>
<robot generator="Robot 4.0.1 (Python 3.9.5 on win32)" generated="20210724 00:41:24.051" rpa="false" schemaversion="2">
<suite id="s1" name="TestSuite" source="D:\Dev\Automatización\DesafioAutomatizacion\TestSuite\TestSuite.robot">
<kw name="Comenzar Suite De Prueba" library="CommonFuncSitioDesafio" type="SETUP">
<kw name="Open Browser" library="SeleniumLibrary">
<arg>${URL}</arg>
<arg>${Browser}</arg>
<doc>Opens a new browser instance to the optional ``url``.</doc>
<msg timestamp="20210724 00:41:25.667" level="INFO">Opening browser 'chrome' to base url 'http://automationpractice.com'.</msg>
<status status="PASS" starttime="20210724 00:41:25.667" endtime="20210724 00:41:31.501"/>
</kw>
<kw name="Maximize Browser Window" library="SeleniumLibrary">
<doc>Maximizes current browser window.</doc>
<status status="PASS" starttime="20210724 00:41:31.501" endtime="20210724 00:41:31.626"/>
</kw>
<status status="PASS" starttime="20210724 00:41:25.666" endtime="20210724 00:41:31.626"/>
</kw>
<test id="s1-t1" name="Escenario de Prueba Para Usuario testemail02@test.com con contraseña 123456">
<kw name="Run Data Driven Steps">
<arg>testemail02@test.com</arg>
<arg>Nancy</arg>
<arg>P. Freeman</arg>
<arg>123456</arg>
<arg>27</arg>
<arg>7</arg>
<arg>1985</arg>
<arg>Fretter</arg>
<arg>Annapolis Junction, 20701</arg>
<arg>4414 Doe Meadow Drive</arg>
<arg>MD</arg>
<arg>6</arg>
<arg>11132</arg>
<arg>21</arg>
<arg>Prueba 11</arg>
<arg>56265123614</arg>
<arg>56912345678</arg>
<arg>Apartament</arg>
<kw name="Create List" library="BuiltIn">
<var>@{ListExcelData}</var>
<arg>${email}</arg>
<arg>${Fname}</arg>
<arg>${Lname}</arg>
<arg>${pass}</arg>
<arg>${day}</arg>
<arg>${month}</arg>
<arg>${year}</arg>
<arg>${company}</arg>
<arg>${address1}</arg>
<arg>${address2}</arg>
<arg>${city}</arg>
<arg>${state}</arg>
<arg>${postcode}</arg>
<arg>${country}</arg>
<arg>${other}</arg>
<arg>${phone}</arg>
<arg>${phoneM}</arg>
<arg>${alias}</arg>
<doc>Returns a list containing given items.</doc>
<msg timestamp="20210724 00:41:31.630" level="INFO">@{ListExcelData} = [ testemail02@test.com | Nancy | P. Freeman | 123456 | 27 | 7 | 1985 | Fretter | Annapolis Junction, 20701 | 4414 Doe Meadow Drive | MD | 6 | 11132 | 21 | Prueba 11 | 56265123614 | 56912345678 | Apart...</msg>
<status status="PASS" starttime="20210724 00:41:31.628" endtime="20210724 00:41:31.630"/>
</kw>
<kw name="Test Scenario 1">
<arg>@{ListExcelData}</arg>
<doc>Este escenario valida la funcionalidad "Realizar login con TDD"</doc>
<kw name="Seleccionar Producto Blusa Negra" library="HomePage">
<kw name="Mouse Over" library="SeleniumLibrary">
<arg>${HomePageMouseOverObject1}</arg>
<doc>Simulates hovering the mouse over the element ``locator``.</doc>
<msg timestamp="20210724 00:41:31.631" level="INFO">Simulating Mouse Over on element 'xpath://li[starts-with(@class, 'ajax_block_product col-xs-12 col-sm-4 col-md-3 last-item-of-mobile-line')]'.</msg>
<status status="PASS" starttime="20210724 00:41:31.631" endtime="20210724 00:41:31.967"/>
</kw>
<kw name="Sleep" library="BuiltIn">
<arg>2</arg>
<doc>Pauses the test executed for the given time.</doc>
<msg timestamp="20210724 00:41:33.976" level="INFO">Slept 2 seconds</msg>
<status status="PASS" starttime="20210724 00:41:31.967" endtime="20210724 00:41:33.976"/>
</kw>
<kw name="Click Element" library="SeleniumLibrary">
<arg>${HomePageElementObject1}</arg>
<doc>Click the element identified by ``locator``.</doc>
<msg timestamp="20210724 00:41:33.977" level="INFO">Clicking element 'xpath://li[starts-with(@class, 'ajax_block_product col-xs-12 col-sm-4 col-md-3 last-item-of-mobile-line')]//div[@class='product-container']//div[@class='left-block']//a[@class='quick-view']'.</msg>
<status status="PASS" starttime="20210724 00:41:33.976" endtime="20210724 00:41:34.080"/>
</kw>
<status status="PASS" starttime="20210724 00:41:31.631" endtime="20210724 00:41:34.081"/>
</kw>
<kw name="Seleccionar Talla y Color Blusa" library="ProductPage">
<kw name="Sleep" library="BuiltIn">
<arg>2</arg>
<doc>Pauses the test executed for the given time.</doc>
<msg timestamp="20210724 00:41:36.082" level="INFO">Slept 2 seconds</msg>
<status status="PASS" starttime="20210724 00:41:34.081" endtime="20210724 00:41:36.082"/>
</kw>
<kw name="Wait Until Page Contains Element" library="SeleniumLibrary">
<arg>${ProductPageFrame}</arg>
<doc>Waits until the element ``locator`` appears on the current page.</doc>
<status status="PASS" starttime="20210724 00:41:36.083" endtime="20210724 00:41:36.094"/>
</kw>
<kw name="Select Frame" library="SeleniumLibrary">
<arg>${ProductPageFrame}</arg>
<doc>Sets frame identified by ``locator`` as the current frame.</doc>
<msg timestamp="20210724 00:41:36.095" level="INFO">Selecting frame 'xpath://body/div/div/div/div/div/iframe[1]'.</msg>
<status status="PASS" starttime="20210724 00:41:36.095" endtime="20210724 00:41:36.121"/>
</kw>
<kw name="Evaluate" library="BuiltIn">
<var>${SelcolorBlusa}</var>
<arg>random.choice(${colorblusa})</arg>
<arg>random</arg>
<doc>Evaluates the given expression in Python and returns the result.</doc>
<msg timestamp="20210724 00:41:36.121" level="INFO">${SelcolorBlusa} = xpath://a[@id='color_8']</msg>
<status status="PASS" starttime="20210724 00:41:36.121" endtime="20210724 00:41:36.121"/>
</kw>
<kw name="Click Element" library="SeleniumLibrary">
<arg>${SelcolorBlusa}</arg>
<doc>Click the element identified by ``locator``.</doc>
<msg timestamp="20210724 00:41:36.122" level="INFO">Clicking element 'xpath://a[@id='color_8']'.</msg>
<status status="PASS" starttime="20210724 00:41:36.121" endtime="20210724 00:41:36.231"/>
</kw>
<kw name="Sleep" library="BuiltIn">
<arg>2</arg>
<doc>Pauses the test executed for the given time.</doc>
<msg timestamp="20210724 00:41:38.235" level="INFO">Slept 2 seconds</msg>
<status status="PASS" starttime="20210724 00:41:36.232" endtime="20210724 00:41:38.235"/>
</kw>
<kw name="Click Element" library="SeleniumLibrary">
<arg>${ProductPageElementBlusa}</arg>
<doc>Click the element identified by ``locator``.</doc>
<msg timestamp="20210724 00:41:38.235" level="INFO">Clicking element 'xpath://option[@title='L']'.</msg>
<status status="PASS" starttime="20210724 00:41:38.235" endtime="20210724 00:41:38.300"/>
</kw>
<kw name="Capture Page Screenshot" library="SeleniumLibrary">
<arg>${ProductPageScreenshotProducto1}</arg>
<doc>Takes a screenshot of the current page and embeds it into a log file.</doc>
<msg timestamp="20210724 00:41:38.522" level="INFO" html="true">&lt;/td&gt;&lt;/tr&gt;&lt;tr&gt;&lt;td colspan="3"&gt;&lt;a href="Evidencias/Producto-1.png"&gt;&lt;img src="Evidencias/Producto-1.png" width="800px"&gt;&lt;/a&gt;</msg>
<status status="PASS" starttime="20210724 00:41:38.300" endtime="20210724 00:41:38.523"/>
</kw>
<kw name="Click Element" library="SeleniumLibrary">
<arg>${ProductPageElementCarrito}</arg>
<doc>Click the element identified by ``locator``.</doc>
<msg timestamp="20210724 00:41:38.523" level="INFO">Clicking element 'xpath://span[normalize-space()='Add to cart']'.</msg>
<status status="PASS" starttime="20210724 00:41:38.523" endtime="20210724 00:41:38.600"/>
</kw>
<kw name="Unselect Frame" library="SeleniumLibrary">
<doc>Sets the main frame as the current frame.</doc>
<status status="PASS" starttime="20210724 00:41:38.600" endtime="20210724 00:41:38.604"/>
</kw>
<status status="PASS" starttime="20210724 00:41:34.081" endtime="20210724 00:41:38.604"/>
</kw>
<kw name="Continuar Con La Compra" library="ProductPage">
<kw name="Wait Until Page Contains Element" library="SeleniumLibrary">
<arg>${ProductPageElementFrameCompra}</arg>
<doc>Waits until the element ``locator`` appears on the current page.</doc>
<status status="PASS" starttime="20210724 00:41:38.605" endtime="20210724 00:41:38.618"/>
</kw>
<kw name="Sleep" library="BuiltIn">
<arg>3</arg>
<doc>Pauses the test executed for the given time.</doc>
<msg timestamp="20210724 00:41:41.633" level="INFO">Slept 3 seconds</msg>
<status status="PASS" starttime="20210724 00:41:38.618" endtime="20210724 00:41:41.633"/>
</kw>
<kw name="Click Element" library="SeleniumLibrary">
<arg>${ProductPageButtonContinuarCompra}</arg>
<doc>Click the element identified by ``locator``.</doc>
<msg timestamp="20210724 00:41:41.634" level="INFO">Clicking element '//span[@title='Continue shopping']//span[1]'.</msg>
<status status="PASS" starttime="20210724 00:41:41.633" endtime="20210724 00:41:41.681"/>
</kw>
<status status="PASS" starttime="20210724 00:41:38.604" endtime="20210724 00:41:41.682"/>
</kw>
<kw name="Validar Logo De Home Page" library="HomePage">
<kw name="Sleep" library="BuiltIn">
<arg>1</arg>
<doc>Pauses the test executed for the given time.</doc>
<msg timestamp="20210724 00:41:42.693" level="INFO">Slept 1 second</msg>
<status status="PASS" starttime="20210724 00:41:41.682" endtime="20210724 00:41:42.693"/>
</kw>
<kw name="Wait Until Page Contains Element" library="SeleniumLibrary">
<arg>${HomeElementLogo}</arg>
<doc>Waits until the element ``locator`` appears on the current page.</doc>
<status status="PASS" starttime="20210724 00:41:42.694" endtime="20210724 00:41:42.706"/>
</kw>
<kw name="Execute Javascript" library="SeleniumLibrary">
<arg>${HomePageScrollDown}</arg>
<doc>Executes the given JavaScript code with possible arguments.</doc>
<msg timestamp="20210724 00:41:42.706" level="INFO">Executing JavaScript:
window.scrollTo(0,700)
Without any arguments.</msg>
<status status="PASS" starttime="20210724 00:41:42.706" endtime="20210724 00:41:42.727"/>
</kw>
<status status="PASS" starttime="20210724 00:41:41.682" endtime="20210724 00:41:42.727"/>
</kw>
<kw name="Seleccionar Producto Vestido" library="HomePage">
<kw name="Sleep" library="BuiltIn">
<arg>2</arg>
<doc>Pauses the test executed for the given time.</doc>
<msg timestamp="20210724 00:41:44.739" level="INFO">Slept 2 seconds</msg>
<status status="PASS" starttime="20210724 00:41:42.727" endtime="20210724 00:41:44.739"/>
</kw>
<kw name="Mouse Over" library="SeleniumLibrary">
<arg>${HomePageMouseOverObject2}</arg>
<doc>Simulates hovering the mouse over the element ``locator``.</doc>
<msg timestamp="20210724 00:41:44.739" level="INFO">Simulating Mouse Over on element 'xpath://li[starts-with(@class, 'ajax_block_product col-xs-12 col-sm-4 col-md-3 first-in-line last-line first-item-of-mobile-line')]'.</msg>
<status status="PASS" starttime="20210724 00:41:44.739" endtime="20210724 00:41:45.017"/>
</kw>
<kw name="Sleep" library="BuiltIn">
<arg>3</arg>
<doc>Pauses the test executed for the given time.</doc>
<msg timestamp="20210724 00:41:48.028" level="INFO">Slept 3 seconds</msg>
<status status="PASS" starttime="20210724 00:41:45.017" endtime="20210724 00:41:48.028"/>
</kw>
<kw name="Click Element" library="SeleniumLibrary">
<arg>${HomePageElementObject2}</arg>
<doc>Click the element identified by ``locator``.</doc>
<msg timestamp="20210724 00:41:48.029" level="INFO">Clicking element 'xpath://li[starts-with(@class, 'ajax_block_product col-xs-12 col-sm-4 col-md-3 first-in-line last-line first-item-of-mobile-line')]//div[@class='product-container']//div[@class='left-block']//a[@class='quick-view']'.</msg>
<status status="PASS" starttime="20210724 00:41:48.028" endtime="20210724 00:41:48.119"/>
</kw>
<status status="PASS" starttime="20210724 00:41:42.727" endtime="20210724 00:41:48.119"/>
</kw>
<kw name="Seleccionar Talla y Color Vestido" library="ProductPage">
<kw name="Sleep" library="BuiltIn">
<arg>2</arg>
<doc>Pauses the test executed for the given time.</doc>
<msg timestamp="20210724 00:41:50.134" level="INFO">Slept 2 seconds</msg>
<status status="PASS" starttime="20210724 00:41:48.120" endtime="20210724 00:41:50.134"/>
</kw>
<kw name="Wait Until Page Contains Element" library="SeleniumLibrary">
<arg>${ProductPageFrame}</arg>
<doc>Waits until the element ``locator`` appears on the current page.</doc>
<status status="PASS" starttime="20210724 00:41:50.135" endtime="20210724 00:41:50.144"/>
</kw>
<kw name="Select Frame" library="SeleniumLibrary">
<arg>${ProductPageFrame}</arg>
<doc>Sets frame identified by ``locator`` as the current frame.</doc>
<msg timestamp="20210724 00:41:50.144" level="INFO">Selecting frame 'xpath://body/div/div/div/div/div/iframe[1]'.</msg>
<status status="PASS" starttime="20210724 00:41:50.144" endtime="20210724 00:41:50.169"/>
</kw>
<kw name="Evaluate" library="BuiltIn">
<var>${SelcolorVestido}</var>
<arg>random.choice(${colorvestido})</arg>
<arg>random</arg>
<doc>Evaluates the given expression in Python and returns the result.</doc>
<msg timestamp="20210724 00:41:50.170" level="INFO">${SelcolorVestido} = xpath://a[@id='color_14']</msg>
<status status="PASS" starttime="20210724 00:41:50.169" endtime="20210724 00:41:50.170"/>
</kw>
<kw name="Click Element" library="SeleniumLibrary">
<arg>${SelcolorVestido}</arg>
<doc>Click the element identified by ``locator``.</doc>
<msg timestamp="20210724 00:41:50.170" level="INFO">Clicking element 'xpath://a[@id='color_14']'.</msg>
<status status="PASS" starttime="20210724 00:41:50.170" endtime="20210724 00:41:50.285"/>
</kw>
<kw name="Click Element" library="SeleniumLibrary">
<arg>${ProductPageElementVestido}</arg>
<doc>Click the element identified by ``locator``.</doc>
<msg timestamp="20210724 00:41:50.285" level="INFO">Clicking element 'xpath://option[@title='S']'.</msg>
<status status="PASS" starttime="20210724 00:41:50.285" endtime="20210724 00:41:50.326"/>
</kw>
<kw name="Capture Page Screenshot" library="SeleniumLibrary">
<arg>${ProductPageScreenshotProducto2}</arg>
<doc>Takes a screenshot of the current page and embeds it into a log file.</doc>
<msg timestamp="20210724 00:41:50.561" level="INFO" html="true">&lt;/td&gt;&lt;/tr&gt;&lt;tr&gt;&lt;td colspan="3"&gt;&lt;a href="Evidencias/Producto-2.png"&gt;&lt;img src="Evidencias/Producto-2.png" width="800px"&gt;&lt;/a&gt;</msg>
<status status="PASS" starttime="20210724 00:41:50.326" endtime="20210724 00:41:50.561"/>
</kw>
<kw name="Click Element" library="SeleniumLibrary">
<arg>${ProductPageElementCarrito}</arg>
<doc>Click the element identified by ``locator``.</doc>
<msg timestamp="20210724 00:41:50.561" level="INFO">Clicking element 'xpath://span[normalize-space()='Add to cart']'.</msg>
<status status="PASS" starttime="20210724 00:41:50.561" endtime="20210724 00:41:50.641"/>
</kw>
<kw name="Unselect Frame" library="SeleniumLibrary">
<doc>Sets the main frame as the current frame.</doc>
<status status="PASS" starttime="20210724 00:41:50.641" endtime="20210724 00:41:50.644"/>
</kw>
<status status="PASS" starttime="20210724 00:41:48.119" endtime="20210724 00:41:50.645"/>
</kw>
<kw name="Ir a Carrito de Compras" library="ProductPage">
<kw name="Wait Until Page Contains Element" library="SeleniumLibrary">
<arg>${ProductPageElementFrameCompra}</arg>
<doc>Waits until the element ``locator`` appears on the current page.</doc>
<status status="PASS" starttime="20210724 00:41:50.645" endtime="20210724 00:41:50.655"/>
</kw>
<kw name="Sleep" library="BuiltIn">
<arg>3</arg>
<doc>Pauses the test executed for the given time.</doc>
<msg timestamp="20210724 00:41:53.655" level="INFO">Slept 3 seconds</msg>
<status status="PASS" starttime="20210724 00:41:50.655" endtime="20210724 00:41:53.655"/>
</kw>
<kw name="Click Element" library="SeleniumLibrary">
<arg>${ProductPageButtonCarritoCompra}</arg>
<doc>Click the element identified by ``locator``.</doc>
<msg timestamp="20210724 00:41:53.656" level="INFO">Clicking element 'xpath://span[normalize-space()='Proceed to checkout']'.</msg>
<status status="PASS" starttime="20210724 00:41:53.656" endtime="20210724 00:41:54.980"/>
</kw>
<status status="PASS" starttime="20210724 00:41:50.645" endtime="20210724 00:41:54.980"/>
</kw>
<kw name="Validar Productos" library="SummaryPage">
<kw name="Table Should Contain" library="SeleniumLibrary">
<arg>${SummaryPageTable}</arg>
<arg>${SummaryPageElementVal1}</arg>
<doc>Verifies table contains text ``expected``.</doc>
<status status="PASS" starttime="20210724 00:41:54.981" endtime="20210724 00:41:55.699"/>
</kw>
<kw name="Table Should Contain" library="SeleniumLibrary">
<arg>${SummaryPageTable}</arg>
<arg>${SummaryPageElementVal2}</arg>
<doc>Verifies table contains text ``expected``.</doc>
<status status="PASS" starttime="20210724 00:41:55.699" endtime="20210724 00:41:56.242"/>
</kw>
<status status="PASS" starttime="20210724 00:41:54.980" endtime="20210724 00:41:56.242"/>
</kw>
<kw name="Validar Datos Footer" library="SummaryPage">
<kw name="Table Footer Should Contain" library="SeleniumLibrary">
<arg>${SummaryPageTable}</arg>
<arg>${SummaryPageElementVal3}</arg>
<doc>Verifies table footer contains text ``expected``.</doc>
<status status="PASS" starttime="20210724 00:41:56.243" endtime="20210724 00:41:56.325"/>
</kw>
<kw name="Table Footer Should Contain" library="SeleniumLibrary">
<arg>${SummaryPageTable}</arg>
<arg>${SummaryPageElementVal4}</arg>
<doc>Verifies table footer contains text ``expected``.</doc>
<status status="PASS" starttime="20210724 00:41:56.325" endtime="20210724 00:41:56.416"/>
</kw>
<kw name="Capture Page Screenshot" library="SeleniumLibrary">
<arg>${SummaryPageScreenshotCarrito}</arg>
<doc>Takes a screenshot of the current page and embeds it into a log file.</doc>
<msg timestamp="20210724 00:41:56.574" level="INFO" html="true">&lt;/td&gt;&lt;/tr&gt;&lt;tr&gt;&lt;td colspan="3"&gt;&lt;a href="Evidencias/Productos-Carrito.png"&gt;&lt;img src="Evidencias/Productos-Carrito.png" width="800px"&gt;&lt;/a&gt;</msg>
<status status="PASS" starttime="20210724 00:41:56.416" endtime="20210724 00:41:56.574"/>
</kw>
<status status="PASS" starttime="20210724 00:41:56.243" endtime="20210724 00:41:56.574"/>
</kw>
<kw name="Validar Boton Checkout" library="SummaryPage">
<kw name="Click Element" library="SeleniumLibrary">
<arg>${SummaryPageButton}</arg>
<doc>Click the element identified by ``locator``.</doc>
<msg timestamp="20210724 00:41:56.575" level="INFO">Clicking element 'xpath://a[@class='button btn btn-default standard-checkout button-medium']//span[contains(text(),'Proceed to checkout')]'.</msg>
<status status="PASS" starttime="20210724 00:41:56.575" endtime="20210724 00:41:58.335"/>
</kw>
<status status="PASS" starttime="20210724 00:41:56.574" endtime="20210724 00:41:58.335"/>
</kw>
<kw name="Acceder a Crear Cuenta" library="SignInPage">
<arg>${email}</arg>
<kw name="Input Text" library="SeleniumLibrary">
<arg>${SignInPageInputEmail}</arg>
<arg>${email}</arg>
<doc>Types the given ``text`` into the text field identified by ``locator``.</doc>
<msg timestamp="20210724 00:41:58.336" level="INFO">Typing text 'testemail02@test.com' into text field 'xpath://input[@id='email_create']'.</msg>
<status status="PASS" starttime="20210724 00:41:58.336" endtime="20210724 00:41:58.436"/>
</kw>
<kw name="Click Element" library="SeleniumLibrary">
<arg>${SignInPageButtonCreateAccount}</arg>
<doc>Click the element identified by ``locator``.</doc>
<msg timestamp="20210724 00:41:58.437" level="INFO">Clicking element 'xpath://span[normalize-space()='Create an account']'.</msg>
<status status="PASS" starttime="20210724 00:41:58.436" endtime="20210724 00:41:58.499"/>
</kw>
<kw name="Sleep" library="BuiltIn">
<arg>1</arg>
<doc>Pauses the test executed for the given time.</doc>
<msg timestamp="20210724 00:41:59.513" level="INFO">Slept 1 second</msg>
<status status="PASS" starttime="20210724 00:41:58.499" endtime="20210724 00:41:59.513"/>
</kw>
<status status="PASS" starttime="20210724 00:41:58.335" endtime="20210724 00:41:59.514"/>
</kw>
<kw name="Validar e Ingresar Información Formulario Crear Cuenta" library="SignInPage">
<arg>${Fname}</arg>
<arg>${Lname}</arg>
<arg>${pass}</arg>
<arg>${day}</arg>
<arg>${month}</arg>
<arg>${year}</arg>
<arg>${company}</arg>
<arg>${address1}</arg>
<arg>${address2}</arg>
<arg>${city}</arg>
<arg>${state}</arg>
<arg>${postcode}</arg>
<arg>${country}</arg>
<arg>${other}</arg>
<arg>${phone}</arg>
<arg>${phoneM}</arg>
<arg>${alias}</arg>
<kw name="Sleep" library="BuiltIn">
<arg>3</arg>
<doc>Pauses the test executed for the given time.</doc>
<msg timestamp="20210724 00:42:02.526" level="INFO">Slept 3 seconds</msg>
<status status="PASS" starttime="20210724 00:41:59.515" endtime="20210724 00:42:02.526"/>
</kw>
<kw name="Page Should Contain" library="SeleniumLibrary">
<arg>${SignInPageElementVal2}</arg>
<doc>Verifies that current page contains ``text``.</doc>
<msg timestamp="20210724 00:42:02.542" level="INFO">Current page contains text 'Create an account'.</msg>
<status status="PASS" starttime="20210724 00:42:02.526" endtime="20210724 00:42:02.542"/>
</kw>
<kw name="Evaluate" library="BuiltIn">
<var>${SelradioButton}</var>
<arg>random.choice(${radiobutton})</arg>
<arg>random</arg>
<doc>Evaluates the given expression in Python and returns the result.</doc>
<msg timestamp="20210724 00:42:02.543" level="INFO">${SelradioButton} = xpath://label[normalize-space()='Mr.']</msg>
<status status="PASS" starttime="20210724 00:42:02.543" endtime="20210724 00:42:02.543"/>
</kw>
<kw name="Click Element" library="SeleniumLibrary">
<arg>${SelradioButton}</arg>
<doc>Click the element identified by ``locator``.</doc>
<msg timestamp="20210724 00:42:02.544" level="INFO">Clicking element 'xpath://label[normalize-space()='Mr.']'.</msg>
<status status="PASS" starttime="20210724 00:42:02.543" endtime="20210724 00:42:02.594"/>
</kw>
<kw name="Input Text" library="SeleniumLibrary">
<arg>${SignInPageInputFirstName}</arg>
<arg>${Fname}</arg>
<doc>Types the given ``text`` into the text field identified by ``locator``.</doc>
<msg timestamp="20210724 00:42:02.595" level="INFO">Typing text 'Nancy' into text field 'xpath://input[@name='customer_firstname']'.</msg>
<status status="PASS" starttime="20210724 00:42:02.594" endtime="20210724 00:42:02.693"/>
</kw>
<kw name="Input Text" library="SeleniumLibrary">
<arg>${SignInPageInputLastName}</arg>
<arg>${Lname}</arg>
<doc>Types the given ``text`` into the text field identified by ``locator``.</doc>
<msg timestamp="20210724 00:42:02.694" level="INFO">Typing text 'P. Freeman' into text field 'xpath://input[@name='customer_lastname']'.</msg>
<status status="PASS" starttime="20210724 00:42:02.693" endtime="20210724 00:42:02.794"/>
</kw>
<kw name="Input Password" library="SeleniumLibrary">
<arg>${SignInPageInputPassword}</arg>
<arg>${pass}</arg>
<doc>Types the given password into the text field identified by ``locator``.</doc>
<msg timestamp="20210724 00:42:02.794" level="INFO">Typing password into text field 'xpath://input[@name='passwd']'.</msg>
<msg timestamp="20210724 00:42:02.836" level="INFO">Temporally setting log level to: NONE</msg>
<msg timestamp="20210724 00:42:02.897" level="INFO">Log level changed from NONE to INFO.</msg>
<status status="PASS" starttime="20210724 00:42:02.794" endtime="20210724 00:42:02.897"/>
</kw>
<kw name="Select From List By Value" library="SeleniumLibrary">
<arg>${SignInPageDropDownDia}</arg>
<arg>${day}</arg>
<doc>Selects options from selection list ``locator`` by ``values``.</doc>
<msg timestamp="20210724 00:42:02.897" level="INFO">Selecting options from selection list 'xpath://select[@name='days']' by value 27.</msg>
<status status="PASS" starttime="20210724 00:42:02.897" endtime="20210724 00:42:02.981"/>
</kw>
<kw name="Select From List By Value" library="SeleniumLibrary">
<arg>${SignInPageDropDownMes}</arg>
<arg>${month}</arg>
<doc>Selects options from selection list ``locator`` by ``values``.</doc>
<msg timestamp="20210724 00:42:02.981" level="INFO">Selecting options from selection list 'xpath://select[@name='months']' by value 7.</msg>
<status status="PASS" starttime="20210724 00:42:02.981" endtime="20210724 00:42:03.063"/>
</kw>
<kw name="Select From List By Value" library="SeleniumLibrary">
<arg>${SignInPageDropDownAno}</arg>
<arg>${year}</arg>
<doc>Selects options from selection list ``locator`` by ``values``.</doc>
<msg timestamp="20210724 00:42:03.063" level="INFO">Selecting options from selection list 'xpath://select[@name='years']' by value 1985.</msg>
<status status="PASS" starttime="20210724 00:42:03.063" endtime="20210724 00:42:03.149"/>
</kw>
<kw name="Click Element" library="SeleniumLibrary">
<arg>${SignInPageCheckNewLetter}</arg>
<doc>Click the element identified by ``locator``.</doc>
<msg timestamp="20210724 00:42:03.149" level="INFO">Clicking element 'xpath://input[@name='newsletter']'.</msg>
<status status="PASS" starttime="20210724 00:42:03.149" endtime="20210724 00:42:03.204"/>
</kw>
<kw name="Click Element" library="SeleniumLibrary">
<arg>${SignInPageCheckOption}</arg>
<doc>Click the element identified by ``locator``.</doc>
<msg timestamp="20210724 00:42:03.204" level="INFO">Clicking element 'xpath://input[@name='optin']'.</msg>
<status status="PASS" starttime="20210724 00:42:03.204" endtime="20210724 00:42:03.259"/>
</kw>
<kw name="Capture Page Screenshot" library="SeleniumLibrary">
<arg>${SignInPageScreenshotDatos1}</arg>
<doc>Takes a screenshot of the current page and embeds it into a log file.</doc>
<msg timestamp="20210724 00:42:03.403" level="INFO" html="true">&lt;/td&gt;&lt;/tr&gt;&lt;tr&gt;&lt;td colspan="3"&gt;&lt;a href="Evidencias/Cuenta-Nueva-1.png"&gt;&lt;img src="Evidencias/Cuenta-Nueva-1.png" width="800px"&gt;&lt;/a&gt;</msg>
<status status="PASS" starttime="20210724 00:42:03.259" endtime="20210724 00:42:03.403"/>
</kw>
<kw name="Input Text" library="SeleniumLibrary">
<arg>${SignInPageInputCompany}</arg>
<arg>${company}</arg>
<doc>Types the given ``text`` into the text field identified by ``locator``.</doc>
<msg timestamp="20210724 00:42:03.404" level="INFO">Typing text 'Fretter' into text field 'xpath://input[@name='company']'.</msg>
<status status="PASS" starttime="20210724 00:42:03.403" endtime="20210724 00:42:03.501"/>
</kw>
<kw name="Input Text" library="SeleniumLibrary">
<arg>${SignInPageInputAddress1}</arg>
<arg>${address1}</arg>
<doc>Types the given ``text`` into the text field identified by ``locator``.</doc>
<msg timestamp="20210724 00:42:03.501" level="INFO">Typing text 'Annapolis Junction, 20701' into text field 'xpath://input[@name='address1']'.</msg>
<status status="PASS" starttime="20210724 00:42:03.501" endtime="20210724 00:42:03.622"/>
</kw>
<kw name="Input Text" library="SeleniumLibrary">
<arg>${SignInPageInputAddress2}</arg>
<arg>${address2}</arg>
<doc>Types the given ``text`` into the text field identified by ``locator``.</doc>
<msg timestamp="20210724 00:42:03.622" level="INFO">Typing text '4414 Doe Meadow Drive' into text field 'xpath://input[@name='address2']'.</msg>
<status status="PASS" starttime="20210724 00:42:03.622" endtime="20210724 00:42:03.732"/>
</kw>
<kw name="Input Text" library="SeleniumLibrary">
<arg>${SignInPageInputCity}</arg>
<arg>${city}</arg>
<doc>Types the given ``text`` into the text field identified by ``locator``.</doc>
<msg timestamp="20210724 00:42:03.732" level="INFO">Typing text 'MD' into text field 'xpath://input[@name='city']'.</msg>
<status status="PASS" starttime="20210724 00:42:03.732" endtime="20210724 00:42:03.824"/>
</kw>
<kw name="Select From List By Value" library="SeleniumLibrary">
<arg>${SignInPageDropDownState}</arg>
<arg>${state}</arg>
<doc>Selects options from selection list ``locator`` by ``values``.</doc>
<msg timestamp="20210724 00:42:03.825" level="INFO">Selecting options from selection list 'xpath://select[@name='id_state']' by value 6.</msg>
<status status="PASS" starttime="20210724 00:42:03.824" endtime="20210724 00:42:03.905"/>
</kw>
<kw name="Input Text" library="SeleniumLibrary">
<arg>${SignInPageInputPostCode}</arg>
<arg>${postcode}</arg>
<doc>Types the given ``text`` into the text field identified by ``locator``.</doc>
<msg timestamp="20210724 00:42:03.906" level="INFO">Typing text '11132' into text field 'xpath://input[@name='postcode']'.</msg>
<status status="PASS" starttime="20210724 00:42:03.905" endtime="20210724 00:42:04.006"/>
</kw>
<kw name="Select From List By Value" library="SeleniumLibrary">
<arg>${SignInPageDropDownCountry}</arg>
<arg>${country}</arg>
<doc>Selects options from selection list ``locator`` by ``values``.</doc>
<msg timestamp="20210724 00:42:04.007" level="INFO">Selecting options from selection list 'xpath://select[@name='id_country']' by value 21.</msg>
<status status="PASS" starttime="20210724 00:42:04.006" endtime="20210724 00:42:04.058"/>
</kw>
<kw name="Input Text" library="SeleniumLibrary">
<arg>${SignInPageInputOther}</arg>
<arg>${other}</arg>
<doc>Types the given ``text`` into the text field identified by ``locator``.</doc>
<msg timestamp="20210724 00:42:04.059" level="INFO">Typing text 'Prueba 11' into text field 'xpath://textarea[@name='other']'.</msg>
<status status="PASS" starttime="20210724 00:42:04.058" endtime="20210724 00:42:04.151"/>
</kw>
<kw name="Input Text" library="SeleniumLibrary">
<arg>${SignInPageInputPhone}</arg>
<arg>${phone}</arg>
<doc>Types the given ``text`` into the text field identified by ``locator``.</doc>
<msg timestamp="20210724 00:42:04.151" level="INFO">Typing text '56265123614' into text field 'xpath://input[@name='phone']'.</msg>
<status status="PASS" starttime="20210724 00:42:04.151" endtime="20210724 00:42:04.255"/>
</kw>
<kw name="Input Text" library="SeleniumLibrary">
<arg>${SignInPageInputPhoneMobile}</arg>
<arg>${phoneM}</arg>
<doc>Types the given ``text`` into the text field identified by ``locator``.</doc>
<msg timestamp="20210724 00:42:04.255" level="INFO">Typing text '56912345678' into text field 'xpath://input[@name='phone_mobile']'.</msg>
<status status="PASS" starttime="20210724 00:42:04.255" endtime="20210724 00:42:04.361"/>
</kw>
<kw name="Input Text" library="SeleniumLibrary">
<arg>${SignInPageInputAlias}</arg>
<arg>${alias}</arg>
<doc>Types the given ``text`` into the text field identified by ``locator``.</doc>
<msg timestamp="20210724 00:42:04.362" level="INFO">Typing text 'Apartament' into text field 'xpath://input[@name='alias']'.</msg>
<status status="PASS" starttime="20210724 00:42:04.361" endtime="20210724 00:42:04.477"/>
</kw>
<kw name="Capture Page Screenshot" library="SeleniumLibrary">
<arg>${SignInPageScreenshotDatos2}</arg>
<doc>Takes a screenshot of the current page and embeds it into a log file.</doc>
<msg timestamp="20210724 00:42:04.663" level="INFO" html="true">&lt;/td&gt;&lt;/tr&gt;&lt;tr&gt;&lt;td colspan="3"&gt;&lt;a href="Evidencias/Cuenta-Nueva-2.png"&gt;&lt;img src="Evidencias/Cuenta-Nueva-2.png" width="800px"&gt;&lt;/a&gt;</msg>
<status status="PASS" starttime="20210724 00:42:04.477" endtime="20210724 00:42:04.663"/>
</kw>
<status status="PASS" starttime="20210724 00:41:59.514" endtime="20210724 00:42:04.664"/>
</kw>
<kw name="Validar Boton Agregar Cuenta" library="SignInPage">
<kw name="Click Element" library="SeleniumLibrary">
<arg>${SignInPageButtonRegister}</arg>
<doc>Click the element identified by ``locator``.</doc>
<msg timestamp="20210724 00:42:04.664" level="INFO">Clicking element 'xpath://span[normalize-space()='Register']'.</msg>
<status status="PASS" starttime="20210724 00:42:04.664" endtime="20210724 00:42:06.798"/>
</kw>
<status status="PASS" starttime="20210724 00:42:04.664" endtime="20210724 00:42:06.798"/>
</kw>
<kw name="Salir de Sesión de Usuario" library="HomePage">
<kw name="Click Element" library="SeleniumLibrary">
<arg>${HomePageElementLogOut}</arg>
<doc>Click the element identified by ``locator``.</doc>
<msg timestamp="20210724 00:42:06.799" level="INFO">Clicking element 'xpath://a[@title='Log me out']'.</msg>
<status status="PASS" starttime="20210724 00:42:06.799" endtime="20210724 00:42:08.514"/>
</kw>
<status status="PASS" starttime="20210724 00:42:06.799" endtime="20210724 00:42:08.514"/>
</kw>
<kw name="Volver a Vista Home" library="CommonFuncSitioDesafio">
<kw name="Click Element" library="SeleniumLibrary">
<arg>${HomeElementLogo}</arg>
<doc>Click the element identified by ``locator``.</doc>
<msg timestamp="20210724 00:42:08.515" level="INFO">Clicking element 'xpath://img[@alt='My Store']'.</msg>
<status status="PASS" starttime="20210724 00:42:08.515" endtime="20210724 00:42:10.410"/>
</kw>
<kw name="Sleep" library="BuiltIn">
<arg>2</arg>
<doc>Pauses the test executed for the given time.</doc>
<msg timestamp="20210724 00:42:12.412" level="INFO">Slept 2 seconds</msg>
<status status="PASS" starttime="20210724 00:42:10.410" endtime="20210724 00:42:12.412"/>
</kw>
<status status="PASS" starttime="20210724 00:42:08.515" endtime="20210724 00:42:12.413"/>
</kw>
<kw name="Seleccionar Producto Blusa Negra" library="HomePage">
<kw name="Mouse Over" library="SeleniumLibrary">
<arg>${HomePageMouseOverObject1}</arg>
<doc>Simulates hovering the mouse over the element ``locator``.</doc>
<msg timestamp="20210724 00:42:12.414" level="INFO">Simulating Mouse Over on element 'xpath://li[starts-with(@class, 'ajax_block_product col-xs-12 col-sm-4 col-md-3 last-item-of-mobile-line')]'.</msg>
<status status="PASS" starttime="20210724 00:42:12.414" endtime="20210724 00:42:12.706"/>
</kw>
<kw name="Sleep" library="BuiltIn">
<arg>2</arg>
<doc>Pauses the test executed for the given time.</doc>
<msg timestamp="20210724 00:42:14.720" level="INFO">Slept 2 seconds</msg>
<status status="PASS" starttime="20210724 00:42:12.706" endtime="20210724 00:42:14.720"/>
</kw>
<kw name="Click Element" library="SeleniumLibrary">
<arg>${HomePageElementObject1}</arg>
<doc>Click the element identified by ``locator``.</doc>
<msg timestamp="20210724 00:42:14.721" level="INFO">Clicking element 'xpath://li[starts-with(@class, 'ajax_block_product col-xs-12 col-sm-4 col-md-3 last-item-of-mobile-line')]//div[@class='product-container']//div[@class='left-block']//a[@class='quick-view']'.</msg>
<status status="PASS" starttime="20210724 00:42:14.720" endtime="20210724 00:42:14.841"/>
</kw>
<status status="PASS" starttime="20210724 00:42:12.413" endtime="20210724 00:42:14.841"/>
</kw>
<kw name="Seleccionar Talla y Color Blusa" library="ProductPage">
<kw name="Sleep" library="BuiltIn">
<arg>2</arg>
<doc>Pauses the test executed for the given time.</doc>
<msg timestamp="20210724 00:42:16.857" level="INFO">Slept 2 seconds</msg>
<status status="PASS" starttime="20210724 00:42:14.842" endtime="20210724 00:42:16.857"/>
</kw>
<kw name="Wait Until Page Contains Element" library="SeleniumLibrary">
<arg>${ProductPageFrame}</arg>
<doc>Waits until the element ``locator`` appears on the current page.</doc>
<status status="PASS" starttime="20210724 00:42:16.857" endtime="20210724 00:42:16.869"/>
</kw>
<kw name="Select Frame" library="SeleniumLibrary">
<arg>${ProductPageFrame}</arg>
<doc>Sets frame identified by ``locator`` as the current frame.</doc>
<msg timestamp="20210724 00:42:16.870" level="INFO">Selecting frame 'xpath://body/div/div/div/div/div/iframe[1]'.</msg>
<status status="PASS" starttime="20210724 00:42:16.869" endtime="20210724 00:42:16.897"/>
</kw>
<kw name="Evaluate" library="BuiltIn">
<var>${SelcolorBlusa}</var>
<arg>random.choice(${colorblusa})</arg>
<arg>random</arg>
<doc>Evaluates the given expression in Python and returns the result.</doc>
<msg timestamp="20210724 00:42:16.898" level="INFO">${SelcolorBlusa} = xpath://a[@id='color_8']</msg>
<status status="PASS" starttime="20210724 00:42:16.897" endtime="20210724 00:42:16.898"/>
</kw>
<kw name="Click Element" library="SeleniumLibrary">
<arg>${SelcolorBlusa}</arg>
<doc>Click the element identified by ``locator``.</doc>
<msg timestamp="20210724 00:42:16.898" level="INFO">Clicking element 'xpath://a[@id='color_8']'.</msg>
<status status="PASS" starttime="20210724 00:42:16.898" endtime="20210724 00:42:17.014"/>
</kw>
<kw name="Sleep" library="BuiltIn">
<arg>2</arg>
<doc>Pauses the test executed for the given time.</doc>
<msg timestamp="20210724 00:42:19.026" level="INFO">Slept 2 seconds</msg>
<status status="PASS" starttime="20210724 00:42:17.014" endtime="20210724 00:42:19.026"/>
</kw>
<kw name="Click Element" library="SeleniumLibrary">
<arg>${ProductPageElementBlusa}</arg>
<doc>Click the element identified by ``locator``.</doc>
<msg timestamp="20210724 00:42:19.027" level="INFO">Clicking element 'xpath://option[@title='L']'.</msg>
<status status="PASS" starttime="20210724 00:42:19.026" endtime="20210724 00:42:19.085"/>
</kw>
<kw name="Capture Page Screenshot" library="SeleniumLibrary">
<arg>${ProductPageScreenshotProducto1}</arg>
<doc>Takes a screenshot of the current page and embeds it into a log file.</doc>
<msg timestamp="20210724 00:42:19.301" level="INFO" html="true">&lt;/td&gt;&lt;/tr&gt;&lt;tr&gt;&lt;td colspan="3"&gt;&lt;a href="Evidencias/Producto-1.png"&gt;&lt;img src="Evidencias/Producto-1.png" width="800px"&gt;&lt;/a&gt;</msg>
<status status="PASS" starttime="20210724 00:42:19.086" endtime="20210724 00:42:19.301"/>
</kw>
<kw name="Click Element" library="SeleniumLibrary">
<arg>${ProductPageElementCarrito}</arg>
<doc>Click the element identified by ``locator``.</doc>
<msg timestamp="20210724 00:42:19.302" level="INFO">Clicking element 'xpath://span[normalize-space()='Add to cart']'.</msg>
<status status="PASS" starttime="20210724 00:42:19.301" endtime="20210724 00:42:19.384"/>
</kw>
<kw name="Unselect Frame" library="SeleniumLibrary">
<doc>Sets the main frame as the current frame.</doc>
<status status="PASS" starttime="20210724 00:42:19.385" endtime="20210724 00:42:19.395"/>
</kw>
<status status="PASS" starttime="20210724 00:42:14.841" endtime="20210724 00:42:19.395"/>
</kw>
<kw name="Continuar Con La Compra" library="ProductPage">
<kw name="Wait Until Page Contains Element" library="SeleniumLibrary">
<arg>${ProductPageElementFrameCompra}</arg>
<doc>Waits until the element ``locator`` appears on the current page.</doc>
<status status="PASS" starttime="20210724 00:42:19.396" endtime="20210724 00:42:19.409"/>
</kw>
<kw name="Sleep" library="BuiltIn">
<arg>3</arg>
<doc>Pauses the test executed for the given time.</doc>
<msg timestamp="20210724 00:42:22.425" level="INFO">Slept 3 seconds</msg>
<status status="PASS" starttime="20210724 00:42:19.409" endtime="20210724 00:42:22.425"/>
</kw>
<kw name="Click Element" library="SeleniumLibrary">
<arg>${ProductPageButtonContinuarCompra}</arg>
<doc>Click the element identified by ``locator``.</doc>
<msg timestamp="20210724 00:42:22.426" level="INFO">Clicking element '//span[@title='Continue shopping']//span[1]'.</msg>
<status status="PASS" starttime="20210724 00:42:22.425" endtime="20210724 00:42:22.474"/>
</kw>
<status status="PASS" starttime="20210724 00:42:19.395" endtime="20210724 00:42:22.474"/>
</kw>
<kw name="Validar Logo De Home Page" library="HomePage">
<kw name="Sleep" library="BuiltIn">
<arg>1</arg>
<doc>Pauses the test executed for the given time.</doc>
<msg timestamp="20210724 00:42:23.486" level="INFO">Slept 1 second</msg>
<status status="PASS" starttime="20210724 00:42:22.475" endtime="20210724 00:42:23.486"/>
</kw>
<kw name="Wait Until Page Contains Element" library="SeleniumLibrary">
<arg>${HomeElementLogo}</arg>
<doc>Waits until the element ``locator`` appears on the current page.</doc>
<status status="PASS" starttime="20210724 00:42:23.486" endtime="20210724 00:42:23.497"/>
</kw>
<kw name="Execute Javascript" library="SeleniumLibrary">
<arg>${HomePageScrollDown}</arg>
<doc>Executes the given JavaScript code with possible arguments.</doc>
<msg timestamp="20210724 00:42:23.498" level="INFO">Executing JavaScript:
window.scrollTo(0,700)
Without any arguments.</msg>
<status status="PASS" starttime="20210724 00:42:23.497" endtime="20210724 00:42:23.517"/>
</kw>
<status status="PASS" starttime="20210724 00:42:22.474" endtime="20210724 00:42:23.517"/>
</kw>
<kw name="Seleccionar Producto Vestido" library="HomePage">
<kw name="Sleep" library="BuiltIn">
<arg>2</arg>
<doc>Pauses the test executed for the given time.</doc>
<msg timestamp="20210724 00:42:25.531" level="INFO">Slept 2 seconds</msg>
<status status="PASS" starttime="20210724 00:42:23.518" endtime="20210724 00:42:25.531"/>
</kw>
<kw name="Mouse Over" library="SeleniumLibrary">
<arg>${HomePageMouseOverObject2}</arg>
<doc>Simulates hovering the mouse over the element ``locator``.</doc>
<msg timestamp="20210724 00:42:25.533" level="INFO">Simulating Mouse Over on element 'xpath://li[starts-with(@class, 'ajax_block_product col-xs-12 col-sm-4 col-md-3 first-in-line last-line first-item-of-mobile-line')]'.</msg>
<status status="PASS" starttime="20210724 00:42:25.532" endtime="20210724 00:42:25.840"/>
</kw>
<kw name="Sleep" library="BuiltIn">
<arg>3</arg>
<doc>Pauses the test executed for the given time.</doc>
<msg timestamp="20210724 00:42:28.853" level="INFO">Slept 3 seconds</msg>
<status status="PASS" starttime="20210724 00:42:25.840" endtime="20210724 00:42:28.853"/>
</kw>
<kw name="Click Element" library="SeleniumLibrary">
<arg>${HomePageElementObject2}</arg>
<doc>Click the element identified by ``locator``.</doc>
<msg timestamp="20210724 00:42:28.854" level="INFO">Clicking element 'xpath://li[starts-with(@class, 'ajax_block_product col-xs-12 col-sm-4 col-md-3 first-in-line last-line first-item-of-mobile-line')]//div[@class='product-container']//div[@class='left-block']//a[@class='quick-view']'.</msg>
<status status="PASS" starttime="20210724 00:42:28.854" endtime="20210724 00:42:28.943"/>
</kw>
<status status="PASS" starttime="20210724 00:42:23.517" endtime="20210724 00:42:28.943"/>
</kw>
<kw name="Seleccionar Talla y Color Vestido" library="ProductPage">
<kw name="Sleep" library="BuiltIn">
<arg>2</arg>
<doc>Pauses the test executed for the given time.</doc>
<msg timestamp="20210724 00:42:30.945" level="INFO">Slept 2 seconds</msg>
<status status="PASS" starttime="20210724 00:42:28.944" endtime="20210724 00:42:30.945"/>
</kw>
<kw name="Wait Until Page Contains Element" library="SeleniumLibrary">
<arg>${ProductPageFrame}</arg>
<doc>Waits until the element ``locator`` appears on the current page.</doc>
<status status="PASS" starttime="20210724 00:42:30.945" endtime="20210724 00:42:30.953"/>
</kw>
<kw name="Select Frame" library="SeleniumLibrary">
<arg>${ProductPageFrame}</arg>
<doc>Sets frame identified by ``locator`` as the current frame.</doc>
<msg timestamp="20210724 00:42:30.953" level="INFO">Selecting frame 'xpath://body/div/div/div/div/div/iframe[1]'.</msg>
<status status="PASS" starttime="20210724 00:42:30.953" endtime="20210724 00:42:30.979"/>
</kw>
<kw name="Evaluate" library="BuiltIn">
<var>${SelcolorVestido}</var>
<arg>random.choice(${colorvestido})</arg>
<arg>random</arg>
<doc>Evaluates the given expression in Python and returns the result.</doc>
<msg timestamp="20210724 00:42:30.979" level="INFO">${SelcolorVestido} = xpath://a[@id='color_16']</msg>
<status status="PASS" starttime="20210724 00:42:30.979" endtime="20210724 00:42:30.979"/>
</kw>
<kw name="Click Element" library="SeleniumLibrary">
<arg>${SelcolorVestido}</arg>
<doc>Click the element identified by ``locator``.</doc>
<msg timestamp="20210724 00:42:30.980" level="INFO">Clicking element 'xpath://a[@id='color_16']'.</msg>
<status status="PASS" starttime="20210724 00:42:30.979" endtime="20210724 00:42:31.096"/>
</kw>
<kw name="Click Element" library="SeleniumLibrary">
<arg>${ProductPageElementVestido}</arg>
<doc>Click the element identified by ``locator``.</doc>
<msg timestamp="20210724 00:42:31.097" level="INFO">Clicking element 'xpath://option[@title='S']'.</msg>
<status status="PASS" starttime="20210724 00:42:31.096" endtime="20210724 00:42:31.137"/>
</kw>
<kw name="Capture Page Screenshot" library="SeleniumLibrary">
<arg>${ProductPageScreenshotProducto2}</arg>
<doc>Takes a screenshot of the current page and embeds it into a log file.</doc>
<msg timestamp="20210724 00:42:31.374" level="INFO" html="true">&lt;/td&gt;&lt;/tr&gt;&lt;tr&gt;&lt;td colspan="3"&gt;&lt;a href="Evidencias/Producto-2.png"&gt;&lt;img src="Evidencias/Producto-2.png" width="800px"&gt;&lt;/a&gt;</msg>
<status status="PASS" starttime="20210724 00:42:31.138" endtime="20210724 00:42:31.375"/>
</kw>
<kw name="Click Element" library="SeleniumLibrary">
<arg>${ProductPageElementCarrito}</arg>
<doc>Click the element identified by ``locator``.</doc>
<msg timestamp="20210724 00:42:31.375" level="INFO">Clicking element 'xpath://span[normalize-space()='Add to cart']'.</msg>
<status status="PASS" starttime="20210724 00:42:31.375" endtime="20210724 00:42:31.450"/>
</kw>
<kw name="Unselect Frame" library="SeleniumLibrary">
<doc>Sets the main frame as the current frame.</doc>
<status status="PASS" starttime="20210724 00:42:31.450" endtime="20210724 00:42:31.456"/>
</kw>
<status status="PASS" starttime="20210724 00:42:28.943" endtime="20210724 00:42:31.456"/>
</kw>
<kw name="Ir a Carrito de Compras" library="ProductPage">
<kw name="Wait Until Page Contains Element" library="SeleniumLibrary">
<arg>${ProductPageElementFrameCompra}</arg>
<doc>Waits until the element ``locator`` appears on the current page.</doc>
<status status="PASS" starttime="20210724 00:42:31.457" endtime="20210724 00:42:31.468"/>
</kw>
<kw name="Sleep" library="BuiltIn">
<arg>3</arg>
<doc>Pauses the test executed for the given time.</doc>
<msg timestamp="20210724 00:42:34.481" level="INFO">Slept 3 seconds</msg>
<status status="PASS" starttime="20210724 00:42:31.468" endtime="20210724 00:42:34.481"/>
</kw>
<kw name="Click Element" library="SeleniumLibrary">
<arg>${ProductPageButtonCarritoCompra}</arg>
<doc>Click the element identified by ``locator``.</doc>
<msg timestamp="20210724 00:42:34.482" level="INFO">Clicking element 'xpath://span[normalize-space()='Proceed to checkout']'.</msg>
<status status="PASS" starttime="20210724 00:42:34.482" endtime="20210724 00:42:35.813"/>
</kw>
<status status="PASS" starttime="20210724 00:42:31.456" endtime="20210724 00:42:35.813"/>
</kw>
<kw name="Validar Productos" library="SummaryPage">
<kw name="Table Should Contain" library="SeleniumLibrary">
<arg>${SummaryPageTable}</arg>
<arg>${SummaryPageElementVal1}</arg>
<doc>Verifies table contains text ``expected``.</doc>
<status status="PASS" starttime="20210724 00:42:35.813" endtime="20210724 00:42:36.537"/>
</kw>
<kw name="Table Should Contain" library="SeleniumLibrary">
<arg>${SummaryPageTable}</arg>
<arg>${SummaryPageElementVal2}</arg>
<doc>Verifies table contains text ``expected``.</doc>
<status status="PASS" starttime="20210724 00:42:36.537" endtime="20210724 00:42:37.071"/>
</kw>
<status status="PASS" starttime="20210724 00:42:35.813" endtime="20210724 00:42:37.071"/>
</kw>
<kw name="Validar Datos Footer" library="SummaryPage">
<kw name="Table Footer Should Contain" library="SeleniumLibrary">
<arg>${SummaryPageTable}</arg>
<arg>${SummaryPageElementVal3}</arg>
<doc>Verifies table footer contains text ``expected``.</doc>
<status status="PASS" starttime="20210724 00:42:37.072" endtime="20210724 00:42:37.154"/>
</kw>
<kw name="Table Footer Should Contain" library="SeleniumLibrary">
<arg>${SummaryPageTable}</arg>
<arg>${SummaryPageElementVal4}</arg>
<doc>Verifies table footer contains text ``expected``.</doc>
<status status="PASS" starttime="20210724 00:42:37.154" endtime="20210724 00:42:37.246"/>
</kw>
<kw name="Capture Page Screenshot" library="SeleniumLibrary">
<arg>${SummaryPageScreenshotCarrito}</arg>
<doc>Takes a screenshot of the current page and embeds it into a log file.</doc>
<msg timestamp="20210724 00:42:37.400" level="INFO" html="true">&lt;/td&gt;&lt;/tr&gt;&lt;tr&gt;&lt;td colspan="3"&gt;&lt;a href="Evidencias/Productos-Carrito.png"&gt;&lt;img src="Evidencias/Productos-Carrito.png" width="800px"&gt;&lt;/a&gt;</msg>
<status status="PASS" starttime="20210724 00:42:37.246" endtime="20210724 00:42:37.400"/>
</kw>
<status status="PASS" starttime="20210724 00:42:37.072" endtime="20210724 00:42:37.400"/>
</kw>
<kw name="Validar Boton Checkout" library="SummaryPage">
<kw name="Click Element" library="SeleniumLibrary">
<arg>${SummaryPageButton}</arg>
<doc>Click the element identified by ``locator``.</doc>
<msg timestamp="20210724 00:42:37.401" level="INFO">Clicking element 'xpath://a[@class='button btn btn-default standard-checkout button-medium']//span[contains(text(),'Proceed to checkout')]'.</msg>
<status status="PASS" starttime="20210724 00:42:37.400" endtime="20210724 00:42:39.370"/>
</kw>
<status status="PASS" starttime="20210724 00:42:37.400" endtime="20210724 00:42:39.370"/>
</kw>
<kw name="Ingresar Credenciales y Acceder Con Usuario Creado" library="SignInPage">
<arg>${email}</arg>
<arg>${pass}</arg>
<kw name="Input Text" library="SeleniumLibrary">
<arg>${HomePageInputEmail}</arg>
<arg>${email}</arg>
<doc>Types the given ``text`` into the text field identified by ``locator``.</doc>
<msg timestamp="20210724 00:42:39.372" level="INFO">Typing text 'testemail02@test.com' into text field 'xpath://input[@name='email']'.</msg>
<status status="PASS" starttime="20210724 00:42:39.371" endtime="20210724 00:42:39.479"/>
</kw>
<kw name="Input Text" library="SeleniumLibrary">
<arg>${HomePageInputPass}</arg>
<arg>${pass}</arg>
<doc>Types the given ``text`` into the text field identified by ``locator``.</doc>
<msg timestamp="20210724 00:42:39.480" level="INFO">Typing text '123456' into text field 'xpath://input[@name='passwd']'.</msg>
<status status="PASS" starttime="20210724 00:42:39.479" endtime="20210724 00:42:39.581"/>
</kw>
<kw name="Click Element" library="SeleniumLibrary">
<arg>${HomePageButtonSignIn}</arg>
<doc>Click the element identified by ``locator``.</doc>
<msg timestamp="20210724 00:42:39.582" level="INFO">Clicking element 'xpath://span[normalize-space()='Sign in']'.</msg>
<status status="PASS" starttime="20210724 00:42:39.581" endtime="20210724 00:42:41.028"/>
</kw>
<status status="PASS" starttime="20210724 00:42:39.371" endtime="20210724 00:42:41.028"/>
</kw>
<kw name="Validar Vista Addresses" library="AddressPage">
<kw name="Sleep" library="BuiltIn">
<arg>2</arg>
<doc>Pauses the test executed for the given time.</doc>
<msg timestamp="20210724 00:42:43.032" level="INFO">Slept 2 seconds</msg>
<status status="PASS" starttime="20210724 00:42:41.029" endtime="20210724 00:42:43.032"/>
</kw>
<kw name="Page Should Contain" library="SeleniumLibrary">
<arg>${AddressPageElementVal1}</arg>
<doc>Verifies that current page contains ``text``.</doc>
<msg timestamp="20210724 00:42:43.047" level="INFO">Current page contains text 'Addresses'.</msg>
<status status="PASS" starttime="20210724 00:42:43.032" endtime="20210724 00:42:43.047"/>
</kw>
<kw name="Capture Page Screenshot" library="SeleniumLibrary">
<arg>${AddressPageScreenshotResumen}</arg>
<doc>Takes a screenshot of the current page and embeds it into a log file.</doc>
<msg timestamp="20210724 00:42:43.201" level="INFO" html="true">&lt;/td&gt;&lt;/tr&gt;&lt;tr&gt;&lt;td colspan="3"&gt;&lt;a href="Evidencias/Address-Summary-1.png"&gt;&lt;img src="Evidencias/Address-Summary-1.png" width="800px"&gt;&lt;/a&gt;</msg>
<status status="PASS" starttime="20210724 00:42:43.048" endtime="20210724 00:42:43.201"/>
</kw>
<status status="PASS" starttime="20210724 00:42:41.029" endtime="20210724 00:42:43.202"/>
</kw>
<kw name="Validar Boton ProceedToCheckout" library="AddressPage">
<kw name="Click Element" library="SeleniumLibrary">
<arg>${AddressPageButtonProceed}</arg>
<doc>Click the element identified by ``locator``.</doc>
<msg timestamp="20210724 00:42:43.202" level="INFO">Clicking element 'xpath://button[@name='processAddress']//span[contains(text(),'Proceed to checkout')]'.</msg>
<status status="PASS" starttime="20210724 00:42:43.202" endtime="20210724 00:42:44.445"/>
</kw>
<status status="PASS" starttime="20210724 00:42:43.202" endtime="20210724 00:42:44.445"/>
</kw>
<kw name="Validar Vista Shipping" library="ShippingPage">
<kw name="Sleep" library="BuiltIn">
<arg>2</arg>
<doc>Pauses the test executed for the given time.</doc>
<msg timestamp="20210724 00:42:46.459" level="INFO">Slept 2 seconds</msg>
<status status="PASS" starttime="20210724 00:42:44.445" endtime="20210724 00:42:46.459"/>
</kw>
<kw name="Page Should Contain" library="SeleniumLibrary">
<arg>${ShippingPageElementVal1}</arg>
<doc>Verifies that current page contains ``text``.</doc>
<msg timestamp="20210724 00:42:46.475" level="INFO">Current page contains text 'Shipping'.</msg>
<status status="PASS" starttime="20210724 00:42:46.459" endtime="20210724 00:42:46.475"/>
</kw>
<status status="PASS" starttime="20210724 00:42:44.445" endtime="20210724 00:42:46.475"/>
</kw>
<kw name="Validar Check IAgree" library="ShippingPage">
<kw name="Click Element" library="SeleniumLibrary">
<arg>${ShippingPageCheckIAgree}</arg>
<doc>Click the element identified by ``locator``.</doc>
<msg timestamp="20210724 00:42:46.476" level="INFO">Clicking element 'xpath://input[@name='cgv']'.</msg>
<status status="PASS" starttime="20210724 00:42:46.476" endtime="20210724 00:42:46.530"/>
</kw>
<kw name="Capture Page Screenshot" library="SeleniumLibrary">
<arg>${ShippingPageScreenshotShippingSummary}</arg>
<doc>Takes a screenshot of the current page and embeds it into a log file.</doc>
<msg timestamp="20210724 00:42:46.692" level="INFO" html="true">&lt;/td&gt;&lt;/tr&gt;&lt;tr&gt;&lt;td colspan="3"&gt;&lt;a href="Evidencias/Resumen-Env%C3%ADo-1.png"&gt;&lt;img src="Evidencias/Resumen-Env%C3%ADo-1.png" width="800px"&gt;&lt;/a&gt;</msg>
<status status="PASS" starttime="20210724 00:42:46.530" endtime="20210724 00:42:46.692"/>
</kw>
<status status="PASS" starttime="20210724 00:42:46.476" endtime="20210724 00:42:46.692"/>
</kw>
<kw name="Validar Botón ProcedToCheckOut" library="ShippingPage">
<kw name="Click Element" library="SeleniumLibrary">
<arg>${ShippingPageButtonProceed}</arg>
<doc>Click the element identified by ``locator``.</doc>
<msg timestamp="20210724 00:42:46.693" level="INFO">Clicking element 'xpath://button[@name='processCarrier']//span[contains(text(),'Proceed to checkout')]'.</msg>
<status status="PASS" starttime="20210724 00:42:46.693" endtime="20210724 00:42:47.868"/>
</kw>
<status status="PASS" starttime="20210724 00:42:46.692" endtime="20210724 00:42:47.868"/>
</kw>
<kw name="Validar Vista Pago" library="PaymentPage">
<kw name="Sleep" library="BuiltIn">
<arg>2</arg>
<doc>Pauses the test executed for the given time.</doc>
<msg timestamp="20210724 00:42:49.873" level="INFO">Slept 2 seconds</msg>
<status status="PASS" starttime="20210724 00:42:47.868" endtime="20210724 00:42:49.873"/>
</kw>
<kw name="Page Should Contain" library="SeleniumLibrary">
<arg>${PaymentPageElementVal1}</arg>
<doc>Verifies that current page contains ``text``.</doc>
<msg timestamp="20210724 00:42:49.889" level="INFO">Current page contains text 'Please choose your payment method'.</msg>
<status status="PASS" starttime="20210724 00:42:49.874" endtime="20210724 00:42:49.889"/>
</kw>
<status status="PASS" starttime="20210724 00:42:47.868" endtime="20210724 00:42:49.889"/>
</kw>
<kw name="Validar Datos Tabla" library="PaymentPage">
<kw name="Sleep" library="BuiltIn">
<arg>2</arg>
<doc>Pauses the test executed for the given time.</doc>
<msg timestamp="20210724 00:42:51.903" level="INFO">Slept 2 seconds</msg>
<status status="PASS" starttime="20210724 00:42:49.890" endtime="20210724 00:42:51.903"/>
</kw>
<kw name="Table Footer Should Contain" library="SeleniumLibrary">
<arg>${SummaryPageTable}</arg>
<arg>${SummaryPageElementVal3}</arg>
<doc>Verifies table footer contains text ``expected``.</doc>
<status status="PASS" starttime="20210724 00:42:51.904" endtime="20210724 00:42:52.003"/>
</kw>
<kw name="Table Footer Should Contain" library="SeleniumLibrary">
<arg>${SummaryPageTable}</arg>
<arg>${SummaryPageElementVal4}</arg>
<doc>Verifies table footer contains text ``expected``.</doc>
<status status="PASS" starttime="20210724 00:42:52.003" endtime="20210724 00:42:52.092"/>
</kw>
<kw name="Capture Page Screenshot" library="SeleniumLibrary">
<arg>${PaymentPageScreenshotTotalPago}</arg>
<doc>Takes a screenshot of the current page and embeds it into a log file.</doc>
<msg timestamp="20210724 00:42:52.244" level="INFO" html="true">&lt;/td&gt;&lt;/tr&gt;&lt;tr&gt;&lt;td colspan="3"&gt;&lt;a href="Evidencias/Resumen-Total-Pago-1.png"&gt;&lt;img src="Evidencias/Resumen-Total-Pago-1.png" width="800px"&gt;&lt;/a&gt;</msg>
<status status="PASS" starttime="20210724 00:42:52.092" endtime="20210724 00:42:52.244"/>
</kw>
<status status="PASS" starttime="20210724 00:42:49.889" endtime="20210724 00:42:52.244"/>
</kw>
<kw name="Validar Botón Pago Tarjeta Bancaria" library="PaymentPage">
<kw name="Click Element" library="SeleniumLibrary">
<arg>${PaymentPageButtonCreditCard}</arg>
<doc>Click the element identified by ``locator``.</doc>
<msg timestamp="20210724 00:42:52.245" level="INFO">Clicking element 'xpath://a[@title='Pay by bank wire']'.</msg>
<status status="PASS" starttime="20210724 00:42:52.245" endtime="20210724 00:42:53.489"/>
</kw>
<status status="PASS" starttime="20210724 00:42:52.244" endtime="20210724 00:42:53.489"/>
</kw>
<kw name="Validar Vista Resumen de Orden" library="PaymentPage">
<kw name="Sleep" library="BuiltIn">
<arg>2</arg>
<doc>Pauses the test executed for the given time.</doc>
<msg timestamp="20210724 00:42:55.503" level="INFO">Slept 2 seconds</msg>
<status status="PASS" starttime="20210724 00:42:53.490" endtime="20210724 00:42:55.503"/>
</kw>
<kw name="Page Should Contain" library="SeleniumLibrary">
<arg>${PaymentPageElementVal2}</arg>
<doc>Verifies that current page contains ``text``.</doc>
<msg timestamp="20210724 00:42:55.519" level="INFO">Current page contains text 'Order summary'.</msg>
<status status="PASS" starttime="20210724 00:42:55.503" endtime="20210724 00:42:55.519"/>
</kw>
<kw name="Capture Page Screenshot" library="SeleniumLibrary">
<arg>${PaymentPageScreenshotOrderSummary}</arg>
<doc>Takes a screenshot of the current page and embeds it into a log file.</doc>
<msg timestamp="20210724 00:42:55.667" level="INFO" html="true">&lt;/td&gt;&lt;/tr&gt;&lt;tr&gt;&lt;td colspan="3"&gt;&lt;a href="Evidencias/Resumen-De-Orden-1.png"&gt;&lt;img src="Evidencias/Resumen-De-Orden-1.png" width="800px"&gt;&lt;/a&gt;</msg>
<status status="PASS" starttime="20210724 00:42:55.519" endtime="20210724 00:42:55.667"/>
</kw>
<status status="PASS" starttime="20210724 00:42:53.489" endtime="20210724 00:42:55.667"/>
</kw>
<kw name="Validar Botón Confirmar Orden" library="PaymentPage">
<kw name="Click Element" library="SeleniumLibrary">
<arg>${PaymentPageButtonConfirmOrder}</arg>
<doc>Click the element identified by ``locator``.</doc>
<msg timestamp="20210724 00:42:55.668" level="INFO">Clicking element 'xpath://span[normalize-space()='I confirm my order']'.</msg>
<status status="PASS" starttime="20210724 00:42:55.668" endtime="20210724 00:42:57.924"/>
</kw>
<status status="PASS" starttime="20210724 00:42:55.667" endtime="20210724 00:42:57.924"/>
</kw>
<kw name="Validar Vista Confirmación de Orden" library="PaymentPage">
<kw name="Sleep" library="BuiltIn">
<arg>2</arg>
<doc>Pauses the test executed for the given time.</doc>
<msg timestamp="20210724 00:42:59.929" level="INFO">Slept 2 seconds</msg>
<status status="PASS" starttime="20210724 00:42:57.924" endtime="20210724 00:42:59.930"/>
</kw>
<kw name="Page Should Contain" library="SeleniumLibrary">
<arg>${PaymentPageElementVal3}</arg>
<doc>Verifies that current page contains ``text``.</doc>
<msg timestamp="20210724 00:42:59.968" level="INFO">Current page contains text 'Order confirmation'.</msg>
<status status="PASS" starttime="20210724 00:42:59.930" endtime="20210724 00:42:59.968"/>
</kw>
<kw name="Capture Page Screenshot" library="SeleniumLibrary">
<arg>${PaymentPageScreenshotOrderConfirmation}</arg>
<doc>Takes a screenshot of the current page and embeds it into a log file.</doc>
<msg timestamp="20210724 00:43:00.143" level="INFO" html="true">&lt;/td&gt;&lt;/tr&gt;&lt;tr&gt;&lt;td colspan="3"&gt;&lt;a href="Evidencias/Confirmaci%C3%B3n-De-Orden-1.png"&gt;&lt;img src="Evidencias/Confirmaci%C3%B3n-De-Orden-1.png" width="800px"&gt;&lt;/a&gt;</msg>
<status status="PASS" starttime="20210724 00:42:59.968" endtime="20210724 00:43:00.143"/>
</kw>
<status status="PASS" starttime="20210724 00:42:57.924" endtime="20210724 00:43:00.143"/>
</kw>
<kw name="Volver a Vista Home" library="CommonFuncSitioDesafio">
<kw name="Click Element" library="SeleniumLibrary">
<arg>${HomeElementLogo}</arg>
<doc>Click the element identified by ``locator``.</doc>
<msg timestamp="20210724 00:43:00.144" level="INFO">Clicking element 'xpath://img[@alt='My Store']'.</msg>
<status status="PASS" starttime="20210724 00:43:00.144" endtime="20210724 00:43:02.480"/>
</kw>
<kw name="Sleep" library="BuiltIn">
<arg>2</arg>
<doc>Pauses the test executed for the given time.</doc>
<msg timestamp="20210724 00:43:04.482" level="INFO">Slept 2 seconds</msg>
<status status="PASS" starttime="20210724 00:43:02.480" endtime="20210724 00:43:04.482"/>
</kw>
<status status="PASS" starttime="20210724 00:43:00.143" endtime="20210724 00:43:04.483"/>
</kw>
<kw name="Seleccionar Cuenta de Usuario y Acceder a Historial de Pedidos" library="HomePage">
<kw name="Click Element" library="SeleniumLibrary">
<arg>${HomePageElementAccount}</arg>
<doc>Click the element identified by ``locator``.</doc>
<msg timestamp="20210724 00:43:04.483" level="INFO">Clicking element 'xpath://a[@title='View my customer account']'.</msg>
<status status="PASS" starttime="20210724 00:43:04.483" endtime="20210724 00:43:05.412"/>
</kw>
<kw name="Click Element" library="SeleniumLibrary">
<arg>${HomePageElementOrderHistory}</arg>
<doc>Click the element identified by ``locator``.</doc>
<msg timestamp="20210724 00:43:05.413" level="INFO">Clicking element 'xpath://span[normalize-space()='Order history and details']'.</msg>
<status status="PASS" starttime="20210724 00:43:05.413" endtime="20210724 00:43:06.625"/>
</kw>
<kw name="Sleep" library="BuiltIn">
<arg>2</arg>
<doc>Pauses the test executed for the given time.</doc>
<msg timestamp="20210724 00:43:08.633" level="INFO">Slept 2 seconds</msg>
<status status="PASS" starttime="20210724 00:43:06.626" endtime="20210724 00:43:08.633"/>
</kw>
<kw name="Table Cell Should Contain" library="SeleniumLibrary">
<arg>${HomePageTable}</arg>
<arg>2</arg>
<arg>5</arg>
<arg>On backorder</arg>
<doc>Verifies table cell contains text ``expected``.</doc>
<msg timestamp="20210724 00:43:08.697" level="INFO">Table cell contains 'On backorder'.</msg>
<status status="PASS" starttime="20210724 00:43:08.633" endtime="20210724 00:43:08.697"/>
</kw>
<kw name="Capture Page Screenshot" library="SeleniumLibrary">
<arg>${HomePageScreenshotHistorial}</arg>
<doc>Takes a screenshot of the current page and embeds it into a log file.</doc>
<msg timestamp="20210724 00:43:08.853" level="INFO" html="true">&lt;/td&gt;&lt;/tr&gt;&lt;tr&gt;&lt;td colspan="3"&gt;&lt;a href="Evidencias/Historial-Productos-1.png"&gt;&lt;img src="Evidencias/Historial-Productos-1.png" width="800px"&gt;&lt;/a&gt;</msg>
<status status="PASS" starttime="20210724 00:43:08.697" endtime="20210724 00:43:08.853"/>
</kw>
<kw name="Click Element" library="SeleniumLibrary">
<arg>${HomePageElementPDF}</arg>
<doc>Click the element identified by ``locator``.</doc>
<msg timestamp="20210724 00:43:08.853" level="INFO">Clicking element 'xpath://a[normalize-space()='PDF']'.</msg>
<status status="PASS" starttime="20210724 00:43:08.853" endtime="20210724 00:43:08.951"/>
</kw>
<kw name="Sleep" library="BuiltIn">
<arg>2</arg>
<doc>Pauses the test executed for the given time.</doc>
<msg timestamp="20210724 00:43:10.955" level="INFO">Slept 2 seconds</msg>
<status status="PASS" starttime="20210724 00:43:08.952" endtime="20210724 00:43:10.955"/>
</kw>
<status status="PASS" starttime="20210724 00:43:04.483" endtime="20210724 00:43:10.955"/>
</kw>
<kw name="Salir de Sesión de Usuario" library="HomePage">
<kw name="Click Element" library="SeleniumLibrary">
<arg>${HomePageElementLogOut}</arg>
<doc>Click the element identified by ``locator``.</doc>
<msg timestamp="20210724 00:43:10.956" level="INFO">Clicking element 'xpath://a[@title='Log me out']'.</msg>
<status status="PASS" starttime="20210724 00:43:10.956" endtime="20210724 00:43:12.617"/>
</kw>
<status status="PASS" starttime="20210724 00:43:10.955" endtime="20210724 00:43:12.617"/>
</kw>
<kw name="Volver a Vista Home" library="CommonFuncSitioDesafio">
<kw name="Click Element" library="SeleniumLibrary">
<arg>${HomeElementLogo}</arg>
<doc>Click the element identified by ``locator``.</doc>
<msg timestamp="20210724 00:43:12.619" level="INFO">Clicking element 'xpath://img[@alt='My Store']'.</msg>
<status status="PASS" starttime="20210724 00:43:12.618" endtime="20210724 00:43:15.281"/>
</kw>
<kw name="Sleep" library="BuiltIn">
<arg>2</arg>
<doc>Pauses the test executed for the given time.</doc>
<msg timestamp="20210724 00:43:17.290" level="INFO">Slept 2 seconds</msg>
<status status="PASS" starttime="20210724 00:43:15.281" endtime="20210724 00:43:17.290"/>
</kw>
<status status="PASS" starttime="20210724 00:43:12.617" endtime="20210724 00:43:17.290"/>
</kw>
<status status="PASS" starttime="20210724 00:41:31.630" endtime="20210724 00:43:17.290"/>
</kw>
<status status="PASS" starttime="20210724 00:41:31.627" endtime="20210724 00:43:17.291"/>
</kw>
<status status="PASS" starttime="20210724 00:41:31.626" endtime="20210724 00:43:17.291"/>
</test>
<test id="s1-t2" name="Escenario de Prueba Para Usuario testemail03@test.com con contraseña 654321">
<kw name="Run Data Driven Steps">
<arg>testemail03@test.com</arg>
<arg>Patrick</arg>
<arg>H. Baker</arg>
<arg>654321</arg>
<arg>6</arg>
<arg>4</arg>
<arg>1956</arg>
<arg>Big Wheel</arg>
<arg>San Antonio, 78231</arg>
<arg>2007 Cinnamon Lane</arg>
<arg>TX</arg>
<arg>7</arg>
<arg>14532</arg>
<arg>21</arg>
<arg>Prueba 12</arg>
<arg>56265123614</arg>
<arg>56912345678</arg>
<arg>Home</arg>
<kw name="Create List" library="BuiltIn">
<var>@{ListExcelData}</var>
<arg>${email}</arg>
<arg>${Fname}</arg>
<arg>${Lname}</arg>
<arg>${pass}</arg>
<arg>${day}</arg>
<arg>${month}</arg>
<arg>${year}</arg>
<arg>${company}</arg>
<arg>${address1}</arg>
<arg>${address2}</arg>
<arg>${city}</arg>
<arg>${state}</arg>
<arg>${postcode}</arg>
<arg>${country}</arg>
<arg>${other}</arg>
<arg>${phone}</arg>
<arg>${phoneM}</arg>
<arg>${alias}</arg>
<doc>Returns a list containing given items.</doc>
<msg timestamp="20210724 00:43:17.294" level="INFO">@{ListExcelData} = [ testemail03@test.com | Patrick | H. Baker | 654321 | 6 | 4 | 1956 | Big Wheel | San Antonio, 78231 | 2007 Cinnamon Lane | TX | 7 | 14532 | 21 | Prueba 12 | 56265123614 | 56912345678 | Home ]</msg>
<status status="PASS" starttime="20210724 00:43:17.293" endtime="20210724 00:43:17.294"/>
</kw>
<kw name="Test Scenario 1">
<arg>@{ListExcelData}</arg>
<doc>Este escenario valida la funcionalidad "Realizar login con TDD"</doc>
<kw name="Seleccionar Producto Blusa Negra" library="HomePage">
<kw name="Mouse Over" library="SeleniumLibrary">
<arg>${HomePageMouseOverObject1}</arg>
<doc>Simulates hovering the mouse over the element ``locator``.</doc>
<msg timestamp="20210724 00:43:17.295" level="INFO">Simulating Mouse Over on element 'xpath://li[starts-with(@class, 'ajax_block_product col-xs-12 col-sm-4 col-md-3 last-item-of-mobile-line')]'.</msg>
<status status="PASS" starttime="20210724 00:43:17.295" endtime="20210724 00:43:17.584"/>
</kw>
<kw name="Sleep" library="BuiltIn">
<arg>2</arg>
<doc>Pauses the test executed for the given time.</doc>
<msg timestamp="20210724 00:43:19.597" level="INFO">Slept 2 seconds</msg>
<status status="PASS" starttime="20210724 00:43:17.584" endtime="20210724 00:43:19.597"/>
</kw>
<kw name="Click Element" library="SeleniumLibrary">
<arg>${HomePageElementObject1}</arg>
<doc>Click the element identified by ``locator``.</doc>
<msg timestamp="20210724 00:43:19.598" level="INFO">Clicking element 'xpath://li[starts-with(@class, 'ajax_block_product col-xs-12 col-sm-4 col-md-3 last-item-of-mobile-line')]//div[@class='product-container']//div[@class='left-block']//a[@class='quick-view']'.</msg>
<status status="PASS" starttime="20210724 00:43:19.598" endtime="20210724 00:43:19.708"/>
</kw>
<status status="PASS" starttime="20210724 00:43:17.294" endtime="20210724 00:43:19.708"/>
</kw>
<kw name="Seleccionar Talla y Color Blusa" library="ProductPage">
<kw name="Sleep" library="BuiltIn">
<arg>2</arg>
<doc>Pauses the test executed for the given time.</doc>
<msg timestamp="20210724 00:43:21.719" level="INFO">Slept 2 seconds</msg>
<status status="PASS" starttime="20210724 00:43:19.709" endtime="20210724 00:43:21.719"/>
</kw>
<kw name="Wait Until Page Contains Element" library="SeleniumLibrary">
<arg>${ProductPageFrame}</arg>
<doc>Waits until the element ``locator`` appears on the current page.</doc>
<status status="PASS" starttime="20210724 00:43:21.719" endtime="20210724 00:43:21.731"/>
</kw>
<kw name="Select Frame" library="SeleniumLibrary">
<arg>${ProductPageFrame}</arg>
<doc>Sets frame identified by ``locator`` as the current frame.</doc>
<msg timestamp="20210724 00:43:21.732" level="INFO">Selecting frame 'xpath://body/div/div/div/div/div/iframe[1]'.</msg>
<status status="PASS" starttime="20210724 00:43:21.731" endtime="20210724 00:43:21.758"/>
</kw>
<kw name="Evaluate" library="BuiltIn">
<var>${SelcolorBlusa}</var>
<arg>random.choice(${colorblusa})</arg>
<arg>random</arg>
<doc>Evaluates the given expression in Python and returns the result.</doc>
<msg timestamp="20210724 00:43:21.758" level="INFO">${SelcolorBlusa} = xpath://a[@id='color_8']</msg>
<status status="PASS" starttime="20210724 00:43:21.758" endtime="20210724 00:43:21.758"/>
</kw>
<kw name="Click Element" library="SeleniumLibrary">
<arg>${SelcolorBlusa}</arg>
<doc>Click the element identified by ``locator``.</doc>
<msg timestamp="20210724 00:43:21.759" level="INFO">Clicking element 'xpath://a[@id='color_8']'.</msg>
<status status="PASS" starttime="20210724 00:43:21.759" endtime="20210724 00:43:21.875"/>
</kw>
<kw name="Sleep" library="BuiltIn">
<arg>2</arg>
<doc>Pauses the test executed for the given time.</doc>
<msg timestamp="20210724 00:43:23.888" level="INFO">Slept 2 seconds</msg>
<status status="PASS" starttime="20210724 00:43:21.876" endtime="20210724 00:43:23.888"/>
</kw>
<kw name="Click Element" library="SeleniumLibrary">
<arg>${ProductPageElementBlusa}</arg>
<doc>Click the element identified by ``locator``.</doc>
<msg timestamp="20210724 00:43:23.888" level="INFO">Clicking element 'xpath://option[@title='L']'.</msg>
<status status="PASS" starttime="20210724 00:43:23.888" endtime="20210724 00:43:23.945"/>
</kw>
<kw name="Capture Page Screenshot" library="SeleniumLibrary">
<arg>${ProductPageScreenshotProducto1}</arg>
<doc>Takes a screenshot of the current page and embeds it into a log file.</doc>
<msg timestamp="20210724 00:43:24.157" level="INFO" html="true">&lt;/td&gt;&lt;/tr&gt;&lt;tr&gt;&lt;td colspan="3"&gt;&lt;a href="Evidencias/Producto-1.png"&gt;&lt;img src="Evidencias/Producto-1.png" width="800px"&gt;&lt;/a&gt;</msg>
<status status="PASS" starttime="20210724 00:43:23.945" endtime="20210724 00:43:24.157"/>
</kw>
<kw name="Click Element" library="SeleniumLibrary">
<arg>${ProductPageElementCarrito}</arg>
<doc>Click the element identified by ``locator``.</doc>
<msg timestamp="20210724 00:43:24.157" level="INFO">Clicking element 'xpath://span[normalize-space()='Add to cart']'.</msg>
<status status="PASS" starttime="20210724 00:43:24.157" endtime="20210724 00:43:24.242"/>
</kw>
<kw name="Unselect Frame" library="SeleniumLibrary">
<doc>Sets the main frame as the current frame.</doc>
<status status="PASS" starttime="20210724 00:43:24.242" endtime="20210724 00:43:24.246"/>
</kw>
<status status="PASS" starttime="20210724 00:43:19.708" endtime="20210724 00:43:24.247"/>
</kw>
<kw name="Continuar Con La Compra" library="ProductPage">
<kw name="Wait Until Page Contains Element" library="SeleniumLibrary">
<arg>${ProductPageElementFrameCompra}</arg>
<doc>Waits until the element ``locator`` appears on the current page.</doc>
<status status="PASS" starttime="20210724 00:43:24.248" endtime="20210724 00:43:24.263"/>
</kw>
<kw name="Sleep" library="BuiltIn">
<arg>3</arg>
<doc>Pauses the test executed for the given time.</doc>
<msg timestamp="20210724 00:43:27.270" level="INFO">Slept 3 seconds</msg>
<status status="PASS" starttime="20210724 00:43:24.263" endtime="20210724 00:43:27.270"/>
</kw>
<kw name="Click Element" library="SeleniumLibrary">
<arg>${ProductPageButtonContinuarCompra}</arg>
<doc>Click the element identified by ``locator``.</doc>
<msg timestamp="20210724 00:43:27.271" level="INFO">Clicking element '//span[@title='Continue shopping']//span[1]'.</msg>
<status status="PASS" starttime="20210724 00:43:27.271" endtime="20210724 00:43:27.319"/>
</kw>
<status status="PASS" starttime="20210724 00:43:24.247" endtime="20210724 00:43:27.319"/>
</kw>
<kw name="Validar Logo De Home Page" library="HomePage">
<kw name="Sleep" library="BuiltIn">
<arg>1</arg>
<doc>Pauses the test executed for the given time.</doc>
<msg timestamp="20210724 00:43:28.332" level="INFO">Slept 1 second</msg>
<status status="PASS" starttime="20210724 00:43:27.320" endtime="20210724 00:43:28.332"/>
</kw>
<kw name="Wait Until Page Contains Element" library="SeleniumLibrary">
<arg>${HomeElementLogo}</arg>
<doc>Waits until the element ``locator`` appears on the current page.</doc>
<status status="PASS" starttime="20210724 00:43:28.333" endtime="20210724 00:43:28.365"/>
</kw>
<kw name="Execute Javascript" library="SeleniumLibrary">
<arg>${HomePageScrollDown}</arg>
<doc>Executes the given JavaScript code with possible arguments.</doc>
<msg timestamp="20210724 00:43:28.366" level="INFO">Executing JavaScript:
window.scrollTo(0,700)
Without any arguments.</msg>
<status status="PASS" starttime="20210724 00:43:28.365" endtime="20210724 00:43:28.393"/>
</kw>
<status status="PASS" starttime="20210724 00:43:27.319" endtime="20210724 00:43:28.393"/>
</kw>
<kw name="Seleccionar Producto Vestido" library="HomePage">
<kw name="Sleep" library="BuiltIn">
<arg>2</arg>
<doc>Pauses the test executed for the given time.</doc>
<msg timestamp="20210724 00:43:30.408" level="INFO">Slept 2 seconds</msg>
<status status="PASS" starttime="20210724 00:43:28.394" endtime="20210724 00:43:30.408"/>
</kw>
<kw name="Mouse Over" library="SeleniumLibrary">
<arg>${HomePageMouseOverObject2}</arg>
<doc>Simulates hovering the mouse over the element ``locator``.</doc>
<msg timestamp="20210724 00:43:30.408" level="INFO">Simulating Mouse Over on element 'xpath://li[starts-with(@class, 'ajax_block_product col-xs-12 col-sm-4 col-md-3 first-in-line last-line first-item-of-mobile-line')]'.</msg>
<status status="PASS" starttime="20210724 00:43:30.408" endtime="20210724 00:43:30.686"/>
</kw>
<kw name="Sleep" library="BuiltIn">
<arg>3</arg>
<doc>Pauses the test executed for the given time.</doc>
<msg timestamp="20210724 00:43:33.698" level="INFO">Slept 3 seconds</msg>
<status status="PASS" starttime="20210724 00:43:30.686" endtime="20210724 00:43:33.698"/>
</kw>
<kw name="Click Element" library="SeleniumLibrary">
<arg>${HomePageElementObject2}</arg>
<doc>Click the element identified by ``locator``.</doc>
<msg timestamp="20210724 00:43:33.699" level="INFO">Clicking element 'xpath://li[starts-with(@class, 'ajax_block_product col-xs-12 col-sm-4 col-md-3 first-in-line last-line first-item-of-mobile-line')]//div[@class='product-container']//div[@class='left-block']//a[@class='quick-view']'.</msg>
<status status="PASS" starttime="20210724 00:43:33.699" endtime="20210724 00:43:33.787"/>
</kw>
<status status="PASS" starttime="20210724 00:43:28.393" endtime="20210724 00:43:33.787"/>
</kw>
<kw name="Seleccionar Talla y Color Vestido" library="ProductPage">
<kw name="Sleep" library="BuiltIn">
<arg>2</arg>
<doc>Pauses the test executed for the given time.</doc>
<msg timestamp="20210724 00:43:35.789" level="INFO">Slept 2 seconds</msg>
<status status="PASS" starttime="20210724 00:43:33.788" endtime="20210724 00:43:35.789"/>
</kw>
<kw name="Wait Until Page Contains Element" library="SeleniumLibrary">
<arg>${ProductPageFrame}</arg>
<doc>Waits until the element ``locator`` appears on the current page.</doc>
<status status="PASS" starttime="20210724 00:43:35.790" endtime="20210724 00:43:35.798"/>
</kw>
<kw name="Select Frame" library="SeleniumLibrary">
<arg>${ProductPageFrame}</arg>
<doc>Sets frame identified by ``locator`` as the current frame.</doc>
<msg timestamp="20210724 00:43:35.799" level="INFO">Selecting frame 'xpath://body/div/div/div/div/div/iframe[1]'.</msg>
<status status="PASS" starttime="20210724 00:43:35.799" endtime="20210724 00:43:35.824"/>
</kw>
<kw name="Evaluate" library="BuiltIn">
<var>${SelcolorVestido}</var>
<arg>random.choice(${colorvestido})</arg>
<arg>random</arg>
<doc>Evaluates the given expression in Python and returns the result.</doc>
<msg timestamp="20210724 00:43:35.825" level="INFO">${SelcolorVestido} = xpath://a[@id='color_13']</msg>
<status status="PASS" starttime="20210724 00:43:35.824" endtime="20210724 00:43:35.825"/>
</kw>
<kw name="Click Element" library="SeleniumLibrary">
<arg>${SelcolorVestido}</arg>
<doc>Click the element identified by ``locator``.</doc>
<msg timestamp="20210724 00:43:35.825" level="INFO">Clicking element 'xpath://a[@id='color_13']'.</msg>
<status status="PASS" starttime="20210724 00:43:35.825" endtime="20210724 00:43:35.959"/>
</kw>
<kw name="Click Element" library="SeleniumLibrary">
<arg>${ProductPageElementVestido}</arg>
<doc>Click the element identified by ``locator``.</doc>
<msg timestamp="20210724 00:43:35.959" level="INFO">Clicking element 'xpath://option[@title='S']'.</msg>
<status status="PASS" starttime="20210724 00:43:35.959" endtime="20210724 00:43:36.002"/>
</kw>
<kw name="Capture Page Screenshot" library="SeleniumLibrary">
<arg>${ProductPageScreenshotProducto2}</arg>
<doc>Takes a screenshot of the current page and embeds it into a log file.</doc>
<msg timestamp="20210724 00:43:36.234" level="INFO" html="true">&lt;/td&gt;&lt;/tr&gt;&lt;tr&gt;&lt;td colspan="3"&gt;&lt;a href="Evidencias/Producto-2.png"&gt;&lt;img src="Evidencias/Producto-2.png" width="800px"&gt;&lt;/a&gt;</msg>
<status status="PASS" starttime="20210724 00:43:36.003" endtime="20210724 00:43:36.234"/>
</kw>
<kw name="Click Element" library="SeleniumLibrary">
<arg>${ProductPageElementCarrito}</arg>
<doc>Click the element identified by ``locator``.</doc>
<msg timestamp="20210724 00:43:36.235" level="INFO">Clicking element 'xpath://span[normalize-space()='Add to cart']'.</msg>
<status status="PASS" starttime="20210724 00:43:36.234" endtime="20210724 00:43:36.308"/>
</kw>
<kw name="Unselect Frame" library="SeleniumLibrary">
<doc>Sets the main frame as the current frame.</doc>
<status status="PASS" starttime="20210724 00:43:36.308" endtime="20210724 00:43:36.311"/>
</kw>
<status status="PASS" starttime="20210724 00:43:33.788" endtime="20210724 00:43:36.311"/>
</kw>
<kw name="Ir a Carrito de Compras" library="ProductPage">
<kw name="Wait Until Page Contains Element" library="SeleniumLibrary">
<arg>${ProductPageElementFrameCompra}</arg>
<doc>Waits until the element ``locator`` appears on the current page.</doc>
<status status="PASS" starttime="20210724 00:43:36.312" endtime="20210724 00:43:36.321"/>
</kw>
<kw name="Sleep" library="BuiltIn">
<arg>3</arg>
<doc>Pauses the test executed for the given time.</doc>
<msg timestamp="20210724 00:43:39.326" level="INFO">Slept 3 seconds</msg>
<status status="PASS" starttime="20210724 00:43:36.321" endtime="20210724 00:43:39.326"/>
</kw>
<kw name="Click Element" library="SeleniumLibrary">
<arg>${ProductPageButtonCarritoCompra}</arg>
<doc>Click the element identified by ``locator``.</doc>
<msg timestamp="20210724 00:43:39.327" level="INFO">Clicking element 'xpath://span[normalize-space()='Proceed to checkout']'.</msg>
<status status="PASS" starttime="20210724 00:43:39.327" endtime="20210724 00:43:41.719"/>
</kw>
<status status="PASS" starttime="20210724 00:43:36.311" endtime="20210724 00:43:41.719"/>
</kw>
<kw name="Validar Productos" library="SummaryPage">
<kw name="Table Should Contain" library="SeleniumLibrary">
<arg>${SummaryPageTable}</arg>
<arg>${SummaryPageElementVal1}</arg>
<doc>Verifies table contains text ``expected``.</doc>
<status status="PASS" starttime="20210724 00:43:41.720" endtime="20210724 00:43:42.440"/>
</kw>
[...]
<status status="PASS" starttime="20210724 00:51:29.721" endtime="20210724 00:51:30.455"/>
</kw>
<kw name="Table Should Contain" library="SeleniumLibrary">
<arg>${SummaryPageTable}</arg>
<arg>${SummaryPageElementVal2}</arg>
<doc>Verifies table contains text ``expected``.</doc>
<status status="PASS" starttime="20210724 00:51:30.455" endtime="20210724 00:51:30.984"/>
</kw>
<status status="PASS" starttime="20210724 00:51:29.720" endtime="20210724 00:51:30.984"/>
</kw>
<kw name="Validar Datos Footer" library="SummaryPage">
<kw name="Table Footer Should Contain" library="SeleniumLibrary">
<arg>${SummaryPageTable}</arg>
<arg>${SummaryPageElementVal3}</arg>
<doc>Verifies table footer contains text ``expected``.</doc>
<status status="PASS" starttime="20210724 00:51:30.985" endtime="20210724 00:51:31.065"/>
</kw>
<kw name="Table Footer Should Contain" library="SeleniumLibrary">
<arg>${SummaryPageTable}</arg>
<arg>${SummaryPageElementVal4}</arg>
<doc>Verifies table footer contains text ``expected``.</doc>
<status status="PASS" starttime="20210724 00:51:31.065" endtime="20210724 00:51:31.157"/>
</kw>
<kw name="Capture Page Screenshot" library="SeleniumLibrary">
<arg>${SummaryPageScreenshotCarrito}</arg>
<doc>Takes a screenshot of the current page and embeds it into a log file.</doc>
<msg timestamp="20210724 00:51:31.300" level="INFO" html="true">&lt;/td&gt;&lt;/tr&gt;&lt;tr&gt;&lt;td colspan="3"&gt;&lt;a href="Evidencias/Productos-Carrito.png"&gt;&lt;img src="Evidencias/Productos-Carrito.png" width="800px"&gt;&lt;/a&gt;</msg>
<status status="PASS" starttime="20210724 00:51:31.157" endtime="20210724 00:51:31.300"/>
</kw>
<status status="PASS" starttime="20210724 00:51:30.984" endtime="20210724 00:51:31.300"/>
</kw>
<kw name="Validar Boton Checkout" library="SummaryPage">
<kw name="Click Element" library="SeleniumLibrary">
<arg>${SummaryPageButton}</arg>
<doc>Click the element identified by ``locator``.</doc>
<msg timestamp="20210724 00:51:31.301" level="INFO">Clicking element 'xpath://a[@class='button btn btn-default standard-checkout button-medium']//span[contains(text(),'Proceed to checkout')]'.</msg>
<status status="PASS" starttime="20210724 00:51:31.301" endtime="20210724 00:51:32.837"/>
</kw>
<status status="PASS" starttime="20210724 00:51:31.300" endtime="20210724 00:51:32.837"/>
</kw>
<kw name="Ingresar Credenciales y Acceder Con Usuario Creado" library="SignInPage">
<arg>${email}</arg>
<arg>${pass}</arg>
<kw name="Input Text" library="SeleniumLibrary">
<arg>${HomePageInputEmail}</arg>
<arg>${email}</arg>
<doc>Types the given ``text`` into the text field identified by ``locator``.</doc>
<msg timestamp="20210724 00:51:32.838" level="INFO">Typing text 'testemail07@test.com' into text field 'xpath://input[@name='email']'.</msg>
<status status="PASS" starttime="20210724 00:51:32.838" endtime="20210724 00:51:32.950"/>
</kw>
<kw name="Input Text" library="SeleniumLibrary">
<arg>${HomePageInputPass}</arg>
<arg>${pass}</arg>
<doc>Types the given ``text`` into the text field identified by ``locator``.</doc>
<msg timestamp="20210724 00:51:32.950" level="INFO">Typing text '123789' into text field 'xpath://input[@name='passwd']'.</msg>
<status status="PASS" starttime="20210724 00:51:32.950" endtime="20210724 00:51:33.052"/>
</kw>
<kw name="Click Element" library="SeleniumLibrary">
<arg>${HomePageButtonSignIn}</arg>
<doc>Click the element identified by ``locator``.</doc>
<msg timestamp="20210724 00:51:33.053" level="INFO">Clicking element 'xpath://span[normalize-space()='Sign in']'.</msg>
<status status="PASS" starttime="20210724 00:51:33.052" endtime="20210724 00:51:34.425"/>
</kw>
<status status="PASS" starttime="20210724 00:51:32.837" endtime="20210724 00:51:34.425"/>
</kw>
<kw name="Validar Vista Addresses" library="AddressPage">
<kw name="Sleep" library="BuiltIn">
<arg>2</arg>
<doc>Pauses the test executed for the given time.</doc>
<msg timestamp="20210724 00:51:36.440" level="INFO">Slept 2 seconds</msg>
<status status="PASS" starttime="20210724 00:51:34.426" endtime="20210724 00:51:36.440"/>
</kw>
<kw name="Page Should Contain" library="SeleniumLibrary">
<arg>${AddressPageElementVal1}</arg>
<doc>Verifies that current page contains ``text``.</doc>
<msg timestamp="20210724 00:51:36.456" level="INFO">Current page contains text 'Addresses'.</msg>
<status status="PASS" starttime="20210724 00:51:36.441" endtime="20210724 00:51:36.456"/>
</kw>
<kw name="Capture Page Screenshot" library="SeleniumLibrary">
<arg>${AddressPageScreenshotResumen}</arg>
<doc>Takes a screenshot of the current page and embeds it into a log file.</doc>
<msg timestamp="20210724 00:51:36.601" level="INFO" html="true">&lt;/td&gt;&lt;/tr&gt;&lt;tr&gt;&lt;td colspan="3"&gt;&lt;a href="Evidencias/Address-Summary-1.png"&gt;&lt;img src="Evidencias/Address-Summary-1.png" width="800px"&gt;&lt;/a&gt;</msg>
<status status="PASS" starttime="20210724 00:51:36.456" endtime="20210724 00:51:36.601"/>
</kw>
<status status="PASS" starttime="20210724 00:51:34.425" endtime="20210724 00:51:36.602"/>
</kw>
<kw name="Validar Boton ProceedToCheckout" library="AddressPage">
<kw name="Click Element" library="SeleniumLibrary">
<arg>${AddressPageButtonProceed}</arg>
<doc>Click the element identified by ``locator``.</doc>
<msg timestamp="20210724 00:51:36.602" level="INFO">Clicking element 'xpath://button[@name='processAddress']//span[contains(text(),'Proceed to checkout')]'.</msg>
<status status="PASS" starttime="20210724 00:51:36.602" endtime="20210724 00:51:37.904"/>
</kw>
<status status="PASS" starttime="20210724 00:51:36.602" endtime="20210724 00:51:37.904"/>
</kw>
<kw name="Validar Vista Shipping" library="ShippingPage">
<kw name="Sleep" library="BuiltIn">
<arg>2</arg>
<doc>Pauses the test executed for the given time.</doc>
<msg timestamp="20210724 00:51:39.914" level="INFO">Slept 2 seconds</msg>
<status status="PASS" starttime="20210724 00:51:37.905" endtime="20210724 00:51:39.914"/>
</kw>
<kw name="Page Should Contain" library="SeleniumLibrary">
<arg>${ShippingPageElementVal1}</arg>
<doc>Verifies that current page contains ``text``.</doc>
<msg timestamp="20210724 00:51:39.929" level="INFO">Current page contains text 'Shipping'.</msg>
<status status="PASS" starttime="20210724 00:51:39.914" endtime="20210724 00:51:39.929"/>
</kw>
<status status="PASS" starttime="20210724 00:51:37.904" endtime="20210724 00:51:39.929"/>
</kw>
<kw name="Validar Check IAgree" library="ShippingPage">
<kw name="Click Element" library="SeleniumLibrary">
<arg>${ShippingPageCheckIAgree}</arg>
<doc>Click the element identified by ``locator``.</doc>
<msg timestamp="20210724 00:51:39.930" level="INFO">Clicking element 'xpath://input[@name='cgv']'.</msg>
<status status="PASS" starttime="20210724 00:51:39.930" endtime="20210724 00:51:39.983"/>
</kw>
<kw name="Capture Page Screenshot" library="SeleniumLibrary">
<arg>${ShippingPageScreenshotShippingSummary}</arg>
<doc>Takes a screenshot of the current page and embeds it into a log file.</doc>
<msg timestamp="20210724 00:51:40.130" level="INFO" html="true">&lt;/td&gt;&lt;/tr&gt;&lt;tr&gt;&lt;td colspan="3"&gt;&lt;a href="Evidencias/Resumen-Env%C3%ADo-1.png"&gt;&lt;img src="Evidencias/Resumen-Env%C3%ADo-1.png" width="800px"&gt;&lt;/a&gt;</msg>
<status status="PASS" starttime="20210724 00:51:39.984" endtime="20210724 00:51:40.130"/>
</kw>
<status status="PASS" starttime="20210724 00:51:39.929" endtime="20210724 00:51:40.130"/>
</kw>
<kw name="Validar Botón ProcedToCheckOut" library="ShippingPage">
<kw name="Click Element" library="SeleniumLibrary">
<arg>${ShippingPageButtonProceed}</arg>
<doc>Click the element identified by ``locator``.</doc>
<msg timestamp="20210724 00:51:40.131" level="INFO">Clicking element 'xpath://button[@name='processCarrier']//span[contains(text(),'Proceed to checkout')]'.</msg>
<status status="PASS" starttime="20210724 00:51:40.131" endtime="20210724 00:51:41.458"/>
</kw>
<status status="PASS" starttime="20210724 00:51:40.131" endtime="20210724 00:51:41.458"/>
</kw>
<kw name="Validar Vista Pago" library="PaymentPage">
<kw name="Sleep" library="BuiltIn">
<arg>2</arg>
<doc>Pauses the test executed for the given time.</doc>
<msg timestamp="20210724 00:51:43.467" level="INFO">Slept 2 seconds</msg>
<status status="PASS" starttime="20210724 00:51:41.459" endtime="20210724 00:51:43.467"/>
</kw>
<kw name="Page Should Contain" library="SeleniumLibrary">
<arg>${PaymentPageElementVal1}</arg>
<doc>Verifies that current page contains ``text``.</doc>
<msg timestamp="20210724 00:51:43.483" level="INFO">Current page contains text 'Please choose your payment method'.</msg>
<status status="PASS" starttime="20210724 00:51:43.468" endtime="20210724 00:51:43.483"/>
</kw>
<status status="PASS" starttime="20210724 00:51:41.458" endtime="20210724 00:51:43.483"/>
</kw>
<kw name="Validar Datos Tabla" library="PaymentPage">
<kw name="Sleep" library="BuiltIn">
<arg>2</arg>
<doc>Pauses the test executed for the given time.</doc>
<msg timestamp="20210724 00:51:45.498" level="INFO">Slept 2 seconds</msg>
<status status="PASS" starttime="20210724 00:51:43.484" endtime="20210724 00:51:45.498"/>
</kw>
<kw name="Table Footer Should Contain" library="SeleniumLibrary">
<arg>${SummaryPageTable}</arg>
<arg>${SummaryPageElementVal3}</arg>
<doc>Verifies table footer contains text ``expected``.</doc>
<status status="PASS" starttime="20210724 00:51:45.498" endtime="20210724 00:51:45.595"/>
</kw>
<kw name="Table Footer Should Contain" library="SeleniumLibrary">
<arg>${SummaryPageTable}</arg>
<arg>${SummaryPageElementVal4}</arg>
<doc>Verifies table footer contains text ``expected``.</doc>
<status status="PASS" starttime="20210724 00:51:45.595" endtime="20210724 00:51:45.683"/>
</kw>
<kw name="Capture Page Screenshot" library="SeleniumLibrary">
<arg>${PaymentPageScreenshotTotalPago}</arg>
<doc>Takes a screenshot of the current page and embeds it into a log file.</doc>
<msg timestamp="20210724 00:51:45.834" level="INFO" html="true">&lt;/td&gt;&lt;/tr&gt;&lt;tr&gt;&lt;td colspan="3"&gt;&lt;a href="Evidencias/Resumen-Total-Pago-1.png"&gt;&lt;img src="Evidencias/Resumen-Total-Pago-1.png" width="800px"&gt;&lt;/a&gt;</msg>
<status status="PASS" starttime="20210724 00:51:45.683" endtime="20210724 00:51:45.834"/>
</kw>
<status status="PASS" starttime="20210724 00:51:43.484" endtime="20210724 00:51:45.835"/>
</kw>
<kw name="Validar Botón Pago Tarjeta Bancaria" library="PaymentPage">
<kw name="Click Element" library="SeleniumLibrary">
<arg>${PaymentPageButtonCreditCard}</arg>
<doc>Click the element identified by ``locator``.</doc>
<msg timestamp="20210724 00:51:45.835" level="INFO">Clicking element 'xpath://a[@title='Pay by bank wire']'.</msg>
<status status="PASS" starttime="20210724 00:51:45.835" endtime="20210724 00:51:47.418"/>
</kw>
<status status="PASS" starttime="20210724 00:51:45.835" endtime="20210724 00:51:47.418"/>
</kw>
<kw name="Validar Vista Resumen de Orden" library="PaymentPage">
<kw name="Sleep" library="BuiltIn">
<arg>2</arg>
<doc>Pauses the test executed for the given time.</doc>
<msg timestamp="20210724 00:51:49.419" level="INFO">Slept 2 seconds</msg>
<status status="PASS" starttime="20210724 00:51:47.418" endtime="20210724 00:51:49.419"/>
</kw>
<kw name="Page Should Contain" library="SeleniumLibrary">
<arg>${PaymentPageElementVal2}</arg>
<doc>Verifies that current page contains ``text``.</doc>
<msg timestamp="20210724 00:51:49.434" level="INFO">Current page contains text 'Order summary'.</msg>
<status status="PASS" starttime="20210724 00:51:49.419" endtime="20210724 00:51:49.434"/>
</kw>
<kw name="Capture Page Screenshot" library="SeleniumLibrary">
<arg>${PaymentPageScreenshotOrderSummary}</arg>
<doc>Takes a screenshot of the current page and embeds it into a log file.</doc>
<msg timestamp="20210724 00:51:49.590" level="INFO" html="true">&lt;/td&gt;&lt;/tr&gt;&lt;tr&gt;&lt;td colspan="3"&gt;&lt;a href="Evidencias/Resumen-De-Orden-1.png"&gt;&lt;img src="Evidencias/Resumen-De-Orden-1.png" width="800px"&gt;&lt;/a&gt;</msg>
<status status="PASS" starttime="20210724 00:51:49.435" endtime="20210724 00:51:49.590"/>
</kw>
<status status="PASS" starttime="20210724 00:51:47.418" endtime="20210724 00:51:49.591"/>
</kw>
<kw name="Validar Botón Confirmar Orden" library="PaymentPage">
<kw name="Click Element" library="SeleniumLibrary">
<arg>${PaymentPageButtonConfirmOrder}</arg>
<doc>Click the element identified by ``locator``.</doc>
<msg timestamp="20210724 00:51:49.591" level="INFO">Clicking element 'xpath://span[normalize-space()='I confirm my order']'.</msg>
<status status="PASS" starttime="20210724 00:51:49.591" endtime="20210724 00:51:53.049"/>
</kw>
<status status="PASS" starttime="20210724 00:51:49.591" endtime="20210724 00:51:53.049"/>
</kw>
<kw name="Validar Vista Confirmación de Orden" library="PaymentPage">
<kw name="Sleep" library="BuiltIn">
<arg>2</arg>
<doc>Pauses the test executed for the given time.</doc>
<msg timestamp="20210724 00:51:55.062" level="INFO">Slept 2 seconds</msg>
<status status="PASS" starttime="20210724 00:51:53.049" endtime="20210724 00:51:55.062"/>
</kw>
<kw name="Page Should Contain" library="SeleniumLibrary">
<arg>${PaymentPageElementVal3}</arg>
<doc>Verifies that current page contains ``text``.</doc>
<msg timestamp="20210724 00:51:55.078" level="INFO">Current page contains text 'Order confirmation'.</msg>
<status status="PASS" starttime="20210724 00:51:55.063" endtime="20210724 00:51:55.078"/>
</kw>
<kw name="Capture Page Screenshot" library="SeleniumLibrary">
<arg>${PaymentPageScreenshotOrderConfirmation}</arg>
<doc>Takes a screenshot of the current page and embeds it into a log file.</doc>
<msg timestamp="20210724 00:51:55.218" level="INFO" html="true">&lt;/td&gt;&lt;/tr&gt;&lt;tr&gt;&lt;td colspan="3"&gt;&lt;a href="Evidencias/Confirmaci%C3%B3n-De-Orden-1.png"&gt;&lt;img src="Evidencias/Confirmaci%C3%B3n-De-Orden-1.png" width="800px"&gt;&lt;/a&gt;</msg>
<status status="PASS" starttime="20210724 00:51:55.078" endtime="20210724 00:51:55.218"/>
</kw>
<status status="PASS" starttime="20210724 00:51:53.049" endtime="20210724 00:51:55.218"/>
</kw>
<kw name="Volver a Vista Home" library="CommonFuncSitioDesafio">
<kw name="Click Element" library="SeleniumLibrary">
<arg>${HomeElementLogo}</arg>
<doc>Click the element identified by ``locator``.</doc>
<msg timestamp="20210724 00:51:55.219" level="INFO">Clicking element 'xpath://img[@alt='My Store']'.</msg>
<status status="PASS" starttime="20210724 00:51:55.219" endtime="20210724 00:51:57.029"/>
</kw>
<kw name="Sleep" library="BuiltIn">
<arg>2</arg>
<doc>Pauses the test executed for the given time.</doc>
<msg timestamp="20210724 00:51:59.031" level="INFO">Slept 2 seconds</msg>
<status status="PASS" starttime="20210724 00:51:57.030" endtime="20210724 00:51:59.031"/>
</kw>
<status status="PASS" starttime="20210724 00:51:55.218" endtime="20210724 00:51:59.031"/>
</kw>
<kw name="Seleccionar Cuenta de Usuario y Acceder a Historial de Pedidos" library="HomePage">
<kw name="Click Element" library="SeleniumLibrary">
<arg>${HomePageElementAccount}</arg>
<doc>Click the element identified by ``locator``.</doc>
<msg timestamp="20210724 00:51:59.032" level="INFO">Clicking element 'xpath://a[@title='View my customer account']'.</msg>
<status status="PASS" starttime="20210724 00:51:59.032" endtime="20210724 00:51:59.796"/>
</kw>
<kw name="Click Element" library="SeleniumLibrary">
<arg>${HomePageElementOrderHistory}</arg>
<doc>Click the element identified by ``locator``.</doc>
<msg timestamp="20210724 00:51:59.797" level="INFO">Clicking element 'xpath://span[normalize-space()='Order history and details']'.</msg>
<status status="PASS" starttime="20210724 00:51:59.797" endtime="20210724 00:52:00.560"/>
</kw>
<kw name="Sleep" library="BuiltIn">
<arg>2</arg>
<doc>Pauses the test executed for the given time.</doc>
<msg timestamp="20210724 00:52:02.567" level="INFO">Slept 2 seconds</msg>
<status status="PASS" starttime="20210724 00:52:00.560" endtime="20210724 00:52:02.567"/>
</kw>
<kw name="Table Cell Should Contain" library="SeleniumLibrary">
<arg>${HomePageTable}</arg>
<arg>2</arg>
<arg>5</arg>
<arg>On backorder</arg>
<doc>Verifies table cell contains text ``expected``.</doc>
<msg timestamp="20210724 00:52:02.629" level="INFO">Table cell contains 'On backorder'.</msg>
<status status="PASS" starttime="20210724 00:52:02.568" endtime="20210724 00:52:02.629"/>
</kw>
<kw name="Capture Page Screenshot" library="SeleniumLibrary">
<arg>${HomePageScreenshotHistorial}</arg>
<doc>Takes a screenshot of the current page and embeds it into a log file.</doc>
<msg timestamp="20210724 00:52:02.778" level="INFO" html="true">&lt;/td&gt;&lt;/tr&gt;&lt;tr&gt;&lt;td colspan="3"&gt;&lt;a href="Evidencias/Historial-Productos-1.png"&gt;&lt;img src="Evidencias/Historial-Productos-1.png" width="800px"&gt;&lt;/a&gt;</msg>
<status status="PASS" starttime="20210724 00:52:02.630" endtime="20210724 00:52:02.778"/>
</kw>
<kw name="Click Element" library="SeleniumLibrary">
<arg>${HomePageElementPDF}</arg>
<doc>Click the element identified by ``locator``.</doc>
<msg timestamp="20210724 00:52:02.778" level="INFO">Clicking element 'xpath://a[normalize-space()='PDF']'.</msg>
<status status="PASS" starttime="20210724 00:52:02.778" endtime="20210724 00:52:02.879"/>
</kw>
<kw name="Sleep" library="BuiltIn">
<arg>2</arg>
<doc>Pauses the test executed for the given time.</doc>
<msg timestamp="20210724 00:52:04.890" level="INFO">Slept 2 seconds</msg>
<status status="PASS" starttime="20210724 00:52:02.880" endtime="20210724 00:52:04.890"/>
</kw>
<status status="PASS" starttime="20210724 00:51:59.031" endtime="20210724 00:52:04.890"/>
</kw>
<kw name="Salir de Sesión de Usuario" library="HomePage">
<kw name="Click Element" library="SeleniumLibrary">
<arg>${HomePageElementLogOut}</arg>
<doc>Click the element identified by ``locator``.</doc>
<msg timestamp="20210724 00:52:04.891" level="INFO">Clicking element 'xpath://a[@title='Log me out']'.</msg>
<status status="PASS" starttime="20210724 00:52:04.891" endtime="20210724 00:52:06.593"/>
</kw>
<status status="PASS" starttime="20210724 00:52:04.890" endtime="20210724 00:52:06.594"/>
</kw>
<kw name="Volver a Vista Home" library="CommonFuncSitioDesafio">
<kw name="Click Element" library="SeleniumLibrary">
<arg>${HomeElementLogo}</arg>
<doc>Click the element identified by ``locator``.</doc>
<msg timestamp="20210724 00:52:06.594" level="INFO">Clicking element 'xpath://img[@alt='My Store']'.</msg>
<status status="PASS" starttime="20210724 00:52:06.594" endtime="20210724 00:52:09.539"/>
</kw>
<kw name="Sleep" library="BuiltIn">
<arg>2</arg>
<doc>Pauses the test executed for the given time.</doc>
<msg timestamp="20210724 00:52:11.548" level="INFO">Slept 2 seconds</msg>
<status status="PASS" starttime="20210724 00:52:09.539" endtime="20210724 00:52:11.548"/>
</kw>
<status status="PASS" starttime="20210724 00:52:06.594" endtime="20210724 00:52:11.549"/>
</kw>
<status status="PASS" starttime="20210724 00:50:24.890" endtime="20210724 00:52:11.549"/>
</kw>
<status status="PASS" starttime="20210724 00:50:24.887" endtime="20210724 00:52:11.550"/>
</kw>
<status status="PASS" starttime="20210724 00:50:24.887" endtime="20210724 00:52:11.550"/>
</test>
<kw name="Finalizar Suite De Prueba" library="CommonFuncSitioDesafio" type="TEARDOWN">
<kw name="Close All Browsers" library="SeleniumLibrary">
<doc>Closes all open browsers and resets the browser cache.</doc>
<status status="PASS" starttime="20210724 00:52:11.554" endtime="20210724 00:52:13.885"/>
</kw>
<status status="PASS" starttime="20210724 00:52:11.553" endtime="20210724 00:52:13.885"/>
</kw>
<doc>Test De Pruebas Para Desafio de Automatización</doc>
<status status="PASS" starttime="20210724 00:41:24.053" endtime="20210724 00:52:13.885"/>
</suite>
<statistics>
<total>
<stat pass="6" fail="0" skip="0">All Tests</stat>
</total>
<tag>
</tag>
<suite>
<stat pass="6" fail="0" skip="0" id="s1" name="TestSuite">TestSuite</stat>
</suite>
</statistics>
<errors>
</errors>
</robot>
